[2025-01-25T19:59:33.220Z] INFO: MongoDB bağlantısı başarılı!
[2025-01-25T19:59:33.221Z] INFO: Starting saveToMongoDB service...
[2025-01-25T19:59:33.221Z] INFO: Reading JSON files from directory: /home/orhan/Dokumente/Garmin/garmin-backend/output/json
[2025-01-25T19:59:33.224Z] INFO: Processing JSON file: 2024-02-19-18-21-58.json
[2025-01-25T19:59:33.231Z] INFO: Saving activities from file: 2024-02-19-18-21-58.json
[2025-01-25T19:59:33.480Z] INFO: Activities saved from file: 2024-02-19-18-21-58.json
[2025-01-25T19:59:33.481Z] WARN: No heart rate data found in file: 2024-02-19-18-21-58.json
[2025-01-25T19:59:33.481Z] INFO: Saving session data from file: 2024-02-19-18-21-58.json
[2025-01-25T19:59:33.483Z] INFO: Session data saved from file: 2024-02-19-18-21-58.json
[2025-01-25T19:59:33.483Z] INFO: Saving user profile data from file: 2024-02-19-18-21-58.json
[2025-01-25T19:59:33.484Z] INFO: User profile data saved from file: 2024-02-19-18-21-58.json
[2025-01-25T19:59:33.484Z] INFO: Processing JSON file: 2024-02-21-16-51-06.json
[2025-01-25T19:59:33.486Z] INFO: Saving activities from file: 2024-02-21-16-51-06.json
[2025-01-25T19:59:33.683Z] INFO: Activities saved from file: 2024-02-21-16-51-06.json
[2025-01-25T19:59:33.684Z] WARN: No heart rate data found in file: 2024-02-21-16-51-06.json
[2025-01-25T19:59:33.684Z] INFO: Saving session data from file: 2024-02-21-16-51-06.json
[2025-01-25T19:59:33.686Z] INFO: Session data saved from file: 2024-02-21-16-51-06.json
[2025-01-25T19:59:33.686Z] INFO: Saving user profile data from file: 2024-02-21-16-51-06.json
[2025-01-25T19:59:33.687Z] INFO: User profile data saved from file: 2024-02-21-16-51-06.json
[2025-01-25T19:59:33.687Z] INFO: Processing JSON file: 2024-02-27-17-10-41.json
[2025-01-25T19:59:33.693Z] INFO: Saving activities from file: 2024-02-27-17-10-41.json
[2025-01-25T19:59:33.883Z] INFO: Activities saved from file: 2024-02-27-17-10-41.json
[2025-01-25T19:59:33.883Z] WARN: No heart rate data found in file: 2024-02-27-17-10-41.json
[2025-01-25T19:59:33.883Z] INFO: Saving session data from file: 2024-02-27-17-10-41.json
[2025-01-25T19:59:33.885Z] INFO: Session data saved from file: 2024-02-27-17-10-41.json
[2025-01-25T19:59:33.885Z] INFO: Saving user profile data from file: 2024-02-27-17-10-41.json
[2025-01-25T19:59:33.886Z] INFO: User profile data saved from file: 2024-02-27-17-10-41.json
[2025-01-25T19:59:33.886Z] INFO: Processing JSON file: 2024-03-01-17-12-09.json
[2025-01-25T19:59:33.890Z] INFO: Saving activities from file: 2024-03-01-17-12-09.json
[2025-01-25T19:59:34.013Z] INFO: Activities saved from file: 2024-03-01-17-12-09.json
[2025-01-25T19:59:34.013Z] WARN: No heart rate data found in file: 2024-03-01-17-12-09.json
[2025-01-25T19:59:34.013Z] INFO: Saving session data from file: 2024-03-01-17-12-09.json
[2025-01-25T19:59:34.014Z] INFO: Session data saved from file: 2024-03-01-17-12-09.json
[2025-01-25T19:59:34.014Z] INFO: Saving user profile data from file: 2024-03-01-17-12-09.json
[2025-01-25T19:59:34.015Z] INFO: User profile data saved from file: 2024-03-01-17-12-09.json
[2025-01-25T19:59:34.015Z] INFO: Processing JSON file: 2024-03-05-18-05-49.json
[2025-01-25T19:59:34.018Z] INFO: Saving activities from file: 2024-03-05-18-05-49.json
[2025-01-25T19:59:34.151Z] INFO: Activities saved from file: 2024-03-05-18-05-49.json
[2025-01-25T19:59:34.151Z] WARN: No heart rate data found in file: 2024-03-05-18-05-49.json
[2025-01-25T19:59:34.151Z] INFO: Saving session data from file: 2024-03-05-18-05-49.json
[2025-01-25T19:59:34.153Z] INFO: Session data saved from file: 2024-03-05-18-05-49.json
[2025-01-25T19:59:34.153Z] INFO: Saving user profile data from file: 2024-03-05-18-05-49.json
[2025-01-25T19:59:34.154Z] INFO: User profile data saved from file: 2024-03-05-18-05-49.json
[2025-01-25T19:59:34.154Z] INFO: Processing JSON file: 2024-03-07-00-21-56.json
[2025-01-25T19:59:34.155Z] INFO: Saving activities from file: 2024-03-07-00-21-56.json
[2025-01-25T19:59:34.161Z] INFO: Activities saved from file: 2024-03-07-00-21-56.json
[2025-01-25T19:59:34.161Z] WARN: No heart rate data found in file: 2024-03-07-00-21-56.json
[2025-01-25T19:59:34.161Z] INFO: Saving session data from file: 2024-03-07-00-21-56.json
[2025-01-25T19:59:34.164Z] INFO: Session data saved from file: 2024-03-07-00-21-56.json
[2025-01-25T19:59:34.164Z] INFO: Saving user profile data from file: 2024-03-07-00-21-56.json
[2025-01-25T19:59:34.165Z] INFO: User profile data saved from file: 2024-03-07-00-21-56.json
[2025-01-25T19:59:34.165Z] INFO: Processing JSON file: 2024-03-08-16-55-22.json
[2025-01-25T19:59:34.168Z] INFO: Saving activities from file: 2024-03-08-16-55-22.json
[2025-01-25T19:59:34.269Z] INFO: Activities saved from file: 2024-03-08-16-55-22.json
[2025-01-25T19:59:34.269Z] WARN: No heart rate data found in file: 2024-03-08-16-55-22.json
[2025-01-25T19:59:34.269Z] INFO: Saving session data from file: 2024-03-08-16-55-22.json
[2025-01-25T19:59:34.270Z] INFO: Session data saved from file: 2024-03-08-16-55-22.json
[2025-01-25T19:59:34.270Z] INFO: Saving user profile data from file: 2024-03-08-16-55-22.json
[2025-01-25T19:59:34.270Z] INFO: User profile data saved from file: 2024-03-08-16-55-22.json
[2025-01-25T19:59:34.271Z] INFO: Processing JSON file: 2024-03-12-17-40-04.json
[2025-01-25T19:59:34.273Z] INFO: Saving activities from file: 2024-03-12-17-40-04.json
[2025-01-25T19:59:34.381Z] INFO: Activities saved from file: 2024-03-12-17-40-04.json
[2025-01-25T19:59:34.381Z] WARN: No heart rate data found in file: 2024-03-12-17-40-04.json
[2025-01-25T19:59:34.381Z] INFO: Saving session data from file: 2024-03-12-17-40-04.json
[2025-01-25T19:59:34.382Z] INFO: Session data saved from file: 2024-03-12-17-40-04.json
[2025-01-25T19:59:34.382Z] INFO: Saving user profile data from file: 2024-03-12-17-40-04.json
[2025-01-25T19:59:34.383Z] INFO: User profile data saved from file: 2024-03-12-17-40-04.json
[2025-01-25T19:59:34.383Z] INFO: Processing JSON file: 2024-03-16-17-37-43.json
[2025-01-25T19:59:34.384Z] INFO: Saving activities from file: 2024-03-16-17-37-43.json
[2025-01-25T19:59:34.502Z] INFO: Activities saved from file: 2024-03-16-17-37-43.json
[2025-01-25T19:59:34.502Z] WARN: No heart rate data found in file: 2024-03-16-17-37-43.json
[2025-01-25T19:59:34.502Z] INFO: Saving session data from file: 2024-03-16-17-37-43.json
[2025-01-25T19:59:34.503Z] INFO: Session data saved from file: 2024-03-16-17-37-43.json
[2025-01-25T19:59:34.503Z] INFO: Saving user profile data from file: 2024-03-16-17-37-43.json
[2025-01-25T19:59:34.504Z] INFO: User profile data saved from file: 2024-03-16-17-37-43.json
[2025-01-25T19:59:34.504Z] INFO: Processing JSON file: 2024-03-19-15-16-04.json
[2025-01-25T19:59:34.506Z] INFO: Saving activities from file: 2024-03-19-15-16-04.json
[2025-01-25T19:59:34.624Z] INFO: Activities saved from file: 2024-03-19-15-16-04.json
[2025-01-25T19:59:34.624Z] WARN: No heart rate data found in file: 2024-03-19-15-16-04.json
[2025-01-25T19:59:34.624Z] INFO: Saving session data from file: 2024-03-19-15-16-04.json
[2025-01-25T19:59:34.627Z] INFO: Session data saved from file: 2024-03-19-15-16-04.json
[2025-01-25T19:59:34.627Z] INFO: Saving user profile data from file: 2024-03-19-15-16-04.json
[2025-01-25T19:59:34.627Z] INFO: User profile data saved from file: 2024-03-19-15-16-04.json
[2025-01-25T19:59:34.627Z] INFO: Processing JSON file: 2024-03-23-18-09-17.json
[2025-01-25T19:59:34.631Z] INFO: Saving activities from file: 2024-03-23-18-09-17.json
[2025-01-25T19:59:34.808Z] INFO: Activities saved from file: 2024-03-23-18-09-17.json
[2025-01-25T19:59:34.808Z] WARN: No heart rate data found in file: 2024-03-23-18-09-17.json
[2025-01-25T19:59:34.808Z] INFO: Saving session data from file: 2024-03-23-18-09-17.json
[2025-01-25T19:59:34.809Z] INFO: Session data saved from file: 2024-03-23-18-09-17.json
[2025-01-25T19:59:34.809Z] INFO: Saving user profile data from file: 2024-03-23-18-09-17.json
[2025-01-25T19:59:34.810Z] INFO: User profile data saved from file: 2024-03-23-18-09-17.json
[2025-01-25T19:59:34.810Z] INFO: Processing JSON file: 2024-03-25-15-25-37.json
[2025-01-25T19:59:34.812Z] INFO: Saving activities from file: 2024-03-25-15-25-37.json
[2025-01-25T19:59:34.825Z] INFO: Activities saved from file: 2024-03-25-15-25-37.json
[2025-01-25T19:59:34.825Z] WARN: No heart rate data found in file: 2024-03-25-15-25-37.json
[2025-01-25T19:59:34.825Z] INFO: Saving session data from file: 2024-03-25-15-25-37.json
[2025-01-25T19:59:34.826Z] INFO: Session data saved from file: 2024-03-25-15-25-37.json
[2025-01-25T19:59:34.827Z] INFO: Saving user profile data from file: 2024-03-25-15-25-37.json
[2025-01-25T19:59:34.827Z] INFO: User profile data saved from file: 2024-03-25-15-25-37.json
[2025-01-25T19:59:34.827Z] INFO: Processing JSON file: 2024-03-26-16-24-43.json
[2025-01-25T19:59:34.829Z] INFO: Saving activities from file: 2024-03-26-16-24-43.json
[2025-01-25T19:59:35.039Z] INFO: Activities saved from file: 2024-03-26-16-24-43.json
[2025-01-25T19:59:35.039Z] WARN: No heart rate data found in file: 2024-03-26-16-24-43.json
[2025-01-25T19:59:35.039Z] INFO: Saving session data from file: 2024-03-26-16-24-43.json
[2025-01-25T19:59:35.041Z] INFO: Session data saved from file: 2024-03-26-16-24-43.json
[2025-01-25T19:59:35.041Z] INFO: Saving user profile data from file: 2024-03-26-16-24-43.json
[2025-01-25T19:59:35.041Z] INFO: User profile data saved from file: 2024-03-26-16-24-43.json
[2025-01-25T19:59:35.041Z] INFO: Processing JSON file: 2024-04-05-17-17-58.json
[2025-01-25T19:59:35.044Z] INFO: Saving activities from file: 2024-04-05-17-17-58.json
[2025-01-25T19:59:35.203Z] INFO: Activities saved from file: 2024-04-05-17-17-58.json
[2025-01-25T19:59:35.204Z] WARN: No heart rate data found in file: 2024-04-05-17-17-58.json
[2025-01-25T19:59:35.204Z] INFO: Saving session data from file: 2024-04-05-17-17-58.json
[2025-01-25T19:59:35.205Z] INFO: Session data saved from file: 2024-04-05-17-17-58.json
[2025-01-25T19:59:35.205Z] INFO: Saving user profile data from file: 2024-04-05-17-17-58.json
[2025-01-25T19:59:35.205Z] INFO: User profile data saved from file: 2024-04-05-17-17-58.json
[2025-01-25T19:59:35.205Z] INFO: Processing JSON file: 2024-04-07-16-02-16.json
[2025-01-25T19:59:35.209Z] INFO: Saving activities from file: 2024-04-07-16-02-16.json
[2025-01-25T19:59:35.240Z] INFO: Activities saved from file: 2024-04-07-16-02-16.json
[2025-01-25T19:59:35.240Z] WARN: No heart rate data found in file: 2024-04-07-16-02-16.json
[2025-01-25T19:59:35.240Z] INFO: Saving session data from file: 2024-04-07-16-02-16.json
[2025-01-25T19:59:35.241Z] INFO: Session data saved from file: 2024-04-07-16-02-16.json
[2025-01-25T19:59:35.242Z] INFO: Saving user profile data from file: 2024-04-07-16-02-16.json
[2025-01-25T19:59:35.242Z] INFO: User profile data saved from file: 2024-04-07-16-02-16.json
[2025-01-25T19:59:35.242Z] INFO: Processing JSON file: 2024-04-09-17-35-40.json
[2025-01-25T19:59:35.245Z] INFO: Saving activities from file: 2024-04-09-17-35-40.json
[2025-01-25T19:59:35.359Z] INFO: Activities saved from file: 2024-04-09-17-35-40.json
[2025-01-25T19:59:35.359Z] WARN: No heart rate data found in file: 2024-04-09-17-35-40.json
[2025-01-25T19:59:35.359Z] INFO: Saving session data from file: 2024-04-09-17-35-40.json
[2025-01-25T19:59:35.360Z] INFO: Session data saved from file: 2024-04-09-17-35-40.json
[2025-01-25T19:59:35.361Z] INFO: Saving user profile data from file: 2024-04-09-17-35-40.json
[2025-01-25T19:59:35.361Z] INFO: User profile data saved from file: 2024-04-09-17-35-40.json
[2025-01-25T19:59:35.361Z] INFO: Processing JSON file: 2024-04-10-17-35-14.json
[2025-01-25T19:59:35.365Z] INFO: Saving activities from file: 2024-04-10-17-35-14.json
[2025-01-25T19:59:35.389Z] INFO: Activities saved from file: 2024-04-10-17-35-14.json
[2025-01-25T19:59:35.389Z] WARN: No heart rate data found in file: 2024-04-10-17-35-14.json
[2025-01-25T19:59:35.389Z] INFO: Saving session data from file: 2024-04-10-17-35-14.json
[2025-01-25T19:59:35.390Z] INFO: Session data saved from file: 2024-04-10-17-35-14.json
[2025-01-25T19:59:35.391Z] INFO: Saving user profile data from file: 2024-04-10-17-35-14.json
[2025-01-25T19:59:35.391Z] INFO: User profile data saved from file: 2024-04-10-17-35-14.json
[2025-01-25T19:59:35.391Z] INFO: Processing JSON file: 2024-04-14-17-53-29.json
[2025-01-25T19:59:35.400Z] INFO: Saving activities from file: 2024-04-14-17-53-29.json
[2025-01-25T19:59:35.474Z] INFO: Activities saved from file: 2024-04-14-17-53-29.json
[2025-01-25T19:59:35.475Z] WARN: No heart rate data found in file: 2024-04-14-17-53-29.json
[2025-01-25T19:59:35.475Z] INFO: Saving session data from file: 2024-04-14-17-53-29.json
[2025-01-25T19:59:35.477Z] INFO: Session data saved from file: 2024-04-14-17-53-29.json
[2025-01-25T19:59:35.477Z] INFO: Saving user profile data from file: 2024-04-14-17-53-29.json
[2025-01-25T19:59:35.478Z] INFO: User profile data saved from file: 2024-04-14-17-53-29.json
[2025-01-25T19:59:35.478Z] INFO: Processing JSON file: 2024-04-18-16-58-18.json
[2025-01-25T19:59:35.481Z] INFO: Saving activities from file: 2024-04-18-16-58-18.json
[2025-01-25T19:59:35.609Z] INFO: Activities saved from file: 2024-04-18-16-58-18.json
[2025-01-25T19:59:35.609Z] WARN: No heart rate data found in file: 2024-04-18-16-58-18.json
[2025-01-25T19:59:35.609Z] INFO: Saving session data from file: 2024-04-18-16-58-18.json
[2025-01-25T19:59:35.610Z] INFO: Session data saved from file: 2024-04-18-16-58-18.json
[2025-01-25T19:59:35.610Z] INFO: Saving user profile data from file: 2024-04-18-16-58-18.json
[2025-01-25T19:59:35.611Z] INFO: User profile data saved from file: 2024-04-18-16-58-18.json
[2025-01-25T19:59:35.611Z] INFO: Processing JSON file: 2024-04-21-17-19-34.json
[2025-01-25T19:59:35.614Z] INFO: Saving activities from file: 2024-04-21-17-19-34.json
[2025-01-25T19:59:35.644Z] INFO: Activities saved from file: 2024-04-21-17-19-34.json
[2025-01-25T19:59:35.645Z] WARN: No heart rate data found in file: 2024-04-21-17-19-34.json
[2025-01-25T19:59:35.645Z] INFO: Saving session data from file: 2024-04-21-17-19-34.json
[2025-01-25T19:59:35.648Z] INFO: Session data saved from file: 2024-04-21-17-19-34.json
[2025-01-25T19:59:35.648Z] INFO: Saving user profile data from file: 2024-04-21-17-19-34.json
[2025-01-25T19:59:35.648Z] INFO: User profile data saved from file: 2024-04-21-17-19-34.json
[2025-01-25T19:59:35.648Z] INFO: Processing JSON file: 2024-07-13-16-26-19.json
[2025-01-25T19:59:35.651Z] INFO: Saving activities from file: 2024-07-13-16-26-19.json
[2025-01-25T19:59:35.666Z] INFO: Activities saved from file: 2024-07-13-16-26-19.json
[2025-01-25T19:59:35.667Z] WARN: No heart rate data found in file: 2024-07-13-16-26-19.json
[2025-01-25T19:59:35.667Z] INFO: Saving session data from file: 2024-07-13-16-26-19.json
[2025-01-25T19:59:35.668Z] INFO: Session data saved from file: 2024-07-13-16-26-19.json
[2025-01-25T19:59:35.669Z] INFO: Saving user profile data from file: 2024-07-13-16-26-19.json
[2025-01-25T19:59:35.669Z] INFO: User profile data saved from file: 2024-07-13-16-26-19.json
[2025-01-25T19:59:35.669Z] INFO: Processing JSON file: 2024-07-15-19-30-35.json
[2025-01-25T19:59:35.671Z] INFO: Saving activities from file: 2024-07-15-19-30-35.json
[2025-01-25T19:59:35.689Z] INFO: Activities saved from file: 2024-07-15-19-30-35.json
[2025-01-25T19:59:35.689Z] WARN: No heart rate data found in file: 2024-07-15-19-30-35.json
[2025-01-25T19:59:35.689Z] INFO: Saving session data from file: 2024-07-15-19-30-35.json
[2025-01-25T19:59:35.690Z] INFO: Session data saved from file: 2024-07-15-19-30-35.json
[2025-01-25T19:59:35.690Z] INFO: Saving user profile data from file: 2024-07-15-19-30-35.json
[2025-01-25T19:59:35.690Z] INFO: User profile data saved from file: 2024-07-15-19-30-35.json
[2025-01-25T19:59:35.690Z] INFO: Processing JSON file: 2024-07-17-17-58-07.json
[2025-01-25T19:59:35.693Z] INFO: Saving activities from file: 2024-07-17-17-58-07.json
[2025-01-25T19:59:35.731Z] INFO: Activities saved from file: 2024-07-17-17-58-07.json
[2025-01-25T19:59:35.731Z] WARN: No heart rate data found in file: 2024-07-17-17-58-07.json
[2025-01-25T19:59:35.731Z] INFO: Saving session data from file: 2024-07-17-17-58-07.json
[2025-01-25T19:59:35.734Z] INFO: Session data saved from file: 2024-07-17-17-58-07.json
[2025-01-25T19:59:35.734Z] INFO: Saving user profile data from file: 2024-07-17-17-58-07.json
[2025-01-25T19:59:35.734Z] INFO: User profile data saved from file: 2024-07-17-17-58-07.json
[2025-01-25T19:59:35.734Z] INFO: Processing JSON file: 2024-07-19-19-05-26.json
[2025-01-25T19:59:35.739Z] INFO: Saving activities from file: 2024-07-19-19-05-26.json
[2025-01-25T19:59:35.766Z] INFO: Activities saved from file: 2024-07-19-19-05-26.json
[2025-01-25T19:59:35.767Z] WARN: No heart rate data found in file: 2024-07-19-19-05-26.json
[2025-01-25T19:59:35.767Z] INFO: Saving session data from file: 2024-07-19-19-05-26.json
[2025-01-25T19:59:35.768Z] INFO: Session data saved from file: 2024-07-19-19-05-26.json
[2025-01-25T19:59:35.768Z] INFO: Saving user profile data from file: 2024-07-19-19-05-26.json
[2025-01-25T19:59:35.769Z] INFO: User profile data saved from file: 2024-07-19-19-05-26.json
[2025-01-25T19:59:35.769Z] INFO: Processing JSON file: 2024-07-20-19-45-37.json
[2025-01-25T19:59:35.775Z] INFO: Saving activities from file: 2024-07-20-19-45-37.json
[2025-01-25T19:59:35.802Z] INFO: Activities saved from file: 2024-07-20-19-45-37.json
[2025-01-25T19:59:35.802Z] WARN: No heart rate data found in file: 2024-07-20-19-45-37.json
[2025-01-25T19:59:35.802Z] INFO: Saving session data from file: 2024-07-20-19-45-37.json
[2025-01-25T19:59:35.804Z] INFO: Session data saved from file: 2024-07-20-19-45-37.json
[2025-01-25T19:59:35.804Z] INFO: Saving user profile data from file: 2024-07-20-19-45-37.json
[2025-01-25T19:59:35.805Z] INFO: User profile data saved from file: 2024-07-20-19-45-37.json
[2025-01-25T19:59:35.805Z] INFO: Processing JSON file: 2024-07-22-20-39-31.json
[2025-01-25T19:59:35.809Z] INFO: Saving activities from file: 2024-07-22-20-39-31.json
[2025-01-25T19:59:35.837Z] INFO: Activities saved from file: 2024-07-22-20-39-31.json
[2025-01-25T19:59:35.837Z] WARN: No heart rate data found in file: 2024-07-22-20-39-31.json
[2025-01-25T19:59:35.837Z] INFO: Saving session data from file: 2024-07-22-20-39-31.json
[2025-01-25T19:59:35.839Z] INFO: Session data saved from file: 2024-07-22-20-39-31.json
[2025-01-25T19:59:35.839Z] INFO: Saving user profile data from file: 2024-07-22-20-39-31.json
[2025-01-25T19:59:35.839Z] INFO: User profile data saved from file: 2024-07-22-20-39-31.json
[2025-01-25T19:59:35.840Z] INFO: Processing JSON file: 2024-07-23-19-40-14.json
[2025-01-25T19:59:35.841Z] INFO: Saving activities from file: 2024-07-23-19-40-14.json
[2025-01-25T19:59:35.864Z] INFO: Activities saved from file: 2024-07-23-19-40-14.json
[2025-01-25T19:59:35.865Z] WARN: No heart rate data found in file: 2024-07-23-19-40-14.json
[2025-01-25T19:59:35.865Z] INFO: Saving session data from file: 2024-07-23-19-40-14.json
[2025-01-25T19:59:35.866Z] INFO: Session data saved from file: 2024-07-23-19-40-14.json
[2025-01-25T19:59:35.866Z] INFO: Saving user profile data from file: 2024-07-23-19-40-14.json
[2025-01-25T19:59:35.866Z] INFO: User profile data saved from file: 2024-07-23-19-40-14.json
[2025-01-25T19:59:35.866Z] INFO: Processing JSON file: 2024-07-24-19-25-19.json
[2025-01-25T19:59:35.868Z] INFO: Saving activities from file: 2024-07-24-19-25-19.json
[2025-01-25T19:59:35.893Z] INFO: Activities saved from file: 2024-07-24-19-25-19.json
[2025-01-25T19:59:35.893Z] WARN: No heart rate data found in file: 2024-07-24-19-25-19.json
[2025-01-25T19:59:35.893Z] INFO: Saving session data from file: 2024-07-24-19-25-19.json
[2025-01-25T19:59:35.894Z] INFO: Session data saved from file: 2024-07-24-19-25-19.json
[2025-01-25T19:59:35.894Z] INFO: Saving user profile data from file: 2024-07-24-19-25-19.json
[2025-01-25T19:59:35.894Z] INFO: User profile data saved from file: 2024-07-24-19-25-19.json
[2025-01-25T19:59:35.894Z] INFO: Processing JSON file: 2024-07-25-16-01-17.json
[2025-01-25T19:59:35.896Z] INFO: Saving activities from file: 2024-07-25-16-01-17.json
[2025-01-25T19:59:35.913Z] INFO: Activities saved from file: 2024-07-25-16-01-17.json
[2025-01-25T19:59:35.913Z] WARN: No heart rate data found in file: 2024-07-25-16-01-17.json
[2025-01-25T19:59:35.913Z] INFO: Saving session data from file: 2024-07-25-16-01-17.json
[2025-01-25T19:59:35.914Z] INFO: Session data saved from file: 2024-07-25-16-01-17.json
[2025-01-25T19:59:35.914Z] INFO: Saving user profile data from file: 2024-07-25-16-01-17.json
[2025-01-25T19:59:35.914Z] INFO: User profile data saved from file: 2024-07-25-16-01-17.json
[2025-01-25T19:59:35.914Z] INFO: Processing JSON file: 2024-07-26-19-10-53.json
[2025-01-25T19:59:35.916Z] INFO: Saving activities from file: 2024-07-26-19-10-53.json
[2025-01-25T19:59:35.931Z] INFO: Activities saved from file: 2024-07-26-19-10-53.json
[2025-01-25T19:59:35.932Z] WARN: No heart rate data found in file: 2024-07-26-19-10-53.json
[2025-01-25T19:59:35.932Z] INFO: Saving session data from file: 2024-07-26-19-10-53.json
[2025-01-25T19:59:35.933Z] INFO: Session data saved from file: 2024-07-26-19-10-53.json
[2025-01-25T19:59:35.933Z] INFO: Saving user profile data from file: 2024-07-26-19-10-53.json
[2025-01-25T19:59:35.934Z] INFO: User profile data saved from file: 2024-07-26-19-10-53.json
[2025-01-25T19:59:35.934Z] INFO: Processing JSON file: 2024-07-28-19-30-21.json
[2025-01-25T19:59:35.938Z] INFO: Saving activities from file: 2024-07-28-19-30-21.json
[2025-01-25T19:59:35.965Z] INFO: Activities saved from file: 2024-07-28-19-30-21.json
[2025-01-25T19:59:35.966Z] WARN: No heart rate data found in file: 2024-07-28-19-30-21.json
[2025-01-25T19:59:35.966Z] INFO: Saving session data from file: 2024-07-28-19-30-21.json
[2025-01-25T19:59:35.967Z] INFO: Session data saved from file: 2024-07-28-19-30-21.json
[2025-01-25T19:59:35.967Z] INFO: Saving user profile data from file: 2024-07-28-19-30-21.json
[2025-01-25T19:59:35.967Z] INFO: User profile data saved from file: 2024-07-28-19-30-21.json
[2025-01-25T19:59:35.967Z] INFO: Processing JSON file: 2024-07-29-20-08-17.json
[2025-01-25T19:59:35.973Z] INFO: Saving activities from file: 2024-07-29-20-08-17.json
[2025-01-25T19:59:36.022Z] INFO: Activities saved from file: 2024-07-29-20-08-17.json
[2025-01-25T19:59:36.022Z] WARN: No heart rate data found in file: 2024-07-29-20-08-17.json
[2025-01-25T19:59:36.022Z] INFO: Saving session data from file: 2024-07-29-20-08-17.json
[2025-01-25T19:59:36.023Z] INFO: Session data saved from file: 2024-07-29-20-08-17.json
[2025-01-25T19:59:36.024Z] INFO: Saving user profile data from file: 2024-07-29-20-08-17.json
[2025-01-25T19:59:36.024Z] INFO: User profile data saved from file: 2024-07-29-20-08-17.json
[2025-01-25T19:59:36.024Z] INFO: Processing JSON file: 2024-07-30-17-22-13.json
[2025-01-25T19:59:36.025Z] INFO: Saving activities from file: 2024-07-30-17-22-13.json
[2025-01-25T19:59:36.035Z] INFO: Activities saved from file: 2024-07-30-17-22-13.json
[2025-01-25T19:59:36.035Z] WARN: No heart rate data found in file: 2024-07-30-17-22-13.json
[2025-01-25T19:59:36.035Z] INFO: Saving session data from file: 2024-07-30-17-22-13.json
[2025-01-25T19:59:36.037Z] INFO: Session data saved from file: 2024-07-30-17-22-13.json
[2025-01-25T19:59:36.037Z] INFO: Saving user profile data from file: 2024-07-30-17-22-13.json
[2025-01-25T19:59:36.037Z] INFO: User profile data saved from file: 2024-07-30-17-22-13.json
[2025-01-25T19:59:36.037Z] INFO: Processing JSON file: 2024-07-30-18-16-54.json
[2025-01-25T19:59:36.044Z] INFO: Saving activities from file: 2024-07-30-18-16-54.json
[2025-01-25T19:59:36.079Z] INFO: Activities saved from file: 2024-07-30-18-16-54.json
[2025-01-25T19:59:36.079Z] WARN: No heart rate data found in file: 2024-07-30-18-16-54.json
[2025-01-25T19:59:36.079Z] INFO: Saving session data from file: 2024-07-30-18-16-54.json
[2025-01-25T19:59:36.080Z] INFO: Session data saved from file: 2024-07-30-18-16-54.json
[2025-01-25T19:59:36.081Z] INFO: Saving user profile data from file: 2024-07-30-18-16-54.json
[2025-01-25T19:59:36.081Z] INFO: User profile data saved from file: 2024-07-30-18-16-54.json
[2025-01-25T19:59:36.081Z] INFO: Processing JSON file: 2024-08-02-19-48-23.json
[2025-01-25T19:59:36.084Z] INFO: Saving activities from file: 2024-08-02-19-48-23.json
[2025-01-25T19:59:36.102Z] INFO: Activities saved from file: 2024-08-02-19-48-23.json
[2025-01-25T19:59:36.102Z] WARN: No heart rate data found in file: 2024-08-02-19-48-23.json
[2025-01-25T19:59:36.102Z] INFO: Saving session data from file: 2024-08-02-19-48-23.json
[2025-01-25T19:59:36.103Z] INFO: Session data saved from file: 2024-08-02-19-48-23.json
[2025-01-25T19:59:36.103Z] INFO: Saving user profile data from file: 2024-08-02-19-48-23.json
[2025-01-25T19:59:36.104Z] INFO: User profile data saved from file: 2024-08-02-19-48-23.json
[2025-01-25T19:59:36.104Z] INFO: Processing JSON file: 2024-08-04-19-25-19.json
[2025-01-25T19:59:36.110Z] INFO: Saving activities from file: 2024-08-04-19-25-19.json
[2025-01-25T19:59:36.132Z] INFO: Activities saved from file: 2024-08-04-19-25-19.json
[2025-01-25T19:59:36.132Z] WARN: No heart rate data found in file: 2024-08-04-19-25-19.json
[2025-01-25T19:59:36.132Z] INFO: Saving session data from file: 2024-08-04-19-25-19.json
[2025-01-25T19:59:36.134Z] INFO: Session data saved from file: 2024-08-04-19-25-19.json
[2025-01-25T19:59:36.134Z] INFO: Saving user profile data from file: 2024-08-04-19-25-19.json
[2025-01-25T19:59:36.134Z] INFO: User profile data saved from file: 2024-08-04-19-25-19.json
[2025-01-25T19:59:36.134Z] INFO: Processing JSON file: 2024-08-05-19-54-27.json
[2025-01-25T19:59:36.137Z] INFO: Saving activities from file: 2024-08-05-19-54-27.json
[2025-01-25T19:59:36.161Z] INFO: Activities saved from file: 2024-08-05-19-54-27.json
[2025-01-25T19:59:36.161Z] WARN: No heart rate data found in file: 2024-08-05-19-54-27.json
[2025-01-25T19:59:36.161Z] INFO: Saving session data from file: 2024-08-05-19-54-27.json
[2025-01-25T19:59:36.162Z] INFO: Session data saved from file: 2024-08-05-19-54-27.json
[2025-01-25T19:59:36.162Z] INFO: Saving user profile data from file: 2024-08-05-19-54-27.json
[2025-01-25T19:59:36.163Z] INFO: User profile data saved from file: 2024-08-05-19-54-27.json
[2025-01-25T19:59:36.163Z] INFO: Processing JSON file: 2024-08-06-19-33-08.json
[2025-01-25T19:59:36.166Z] INFO: Saving activities from file: 2024-08-06-19-33-08.json
[2025-01-25T19:59:36.189Z] INFO: Activities saved from file: 2024-08-06-19-33-08.json
[2025-01-25T19:59:36.190Z] WARN: No heart rate data found in file: 2024-08-06-19-33-08.json
[2025-01-25T19:59:36.190Z] INFO: Saving session data from file: 2024-08-06-19-33-08.json
[2025-01-25T19:59:36.192Z] INFO: Session data saved from file: 2024-08-06-19-33-08.json
[2025-01-25T19:59:36.192Z] INFO: Saving user profile data from file: 2024-08-06-19-33-08.json
[2025-01-25T19:59:36.192Z] INFO: User profile data saved from file: 2024-08-06-19-33-08.json
[2025-01-25T19:59:36.192Z] INFO: Processing JSON file: 2024-08-09-18-10-20.json
[2025-01-25T19:59:36.197Z] INFO: Saving activities from file: 2024-08-09-18-10-20.json
[2025-01-25T19:59:36.244Z] INFO: Activities saved from file: 2024-08-09-18-10-20.json
[2025-01-25T19:59:36.244Z] WARN: No heart rate data found in file: 2024-08-09-18-10-20.json
[2025-01-25T19:59:36.244Z] INFO: Saving session data from file: 2024-08-09-18-10-20.json
[2025-01-25T19:59:36.245Z] INFO: Session data saved from file: 2024-08-09-18-10-20.json
[2025-01-25T19:59:36.245Z] INFO: Saving user profile data from file: 2024-08-09-18-10-20.json
[2025-01-25T19:59:36.245Z] INFO: User profile data saved from file: 2024-08-09-18-10-20.json
[2025-01-25T19:59:36.245Z] INFO: Processing JSON file: 2024-08-10-15-13-16.json
[2025-01-25T19:59:36.246Z] INFO: Saving activities from file: 2024-08-10-15-13-16.json
[2025-01-25T19:59:36.290Z] INFO: Activities saved from file: 2024-08-10-15-13-16.json
[2025-01-25T19:59:36.290Z] WARN: No heart rate data found in file: 2024-08-10-15-13-16.json
[2025-01-25T19:59:36.290Z] INFO: Saving session data from file: 2024-08-10-15-13-16.json
[2025-01-25T19:59:36.291Z] INFO: Session data saved from file: 2024-08-10-15-13-16.json
[2025-01-25T19:59:36.291Z] INFO: Saving user profile data from file: 2024-08-10-15-13-16.json
[2025-01-25T19:59:36.291Z] INFO: User profile data saved from file: 2024-08-10-15-13-16.json
[2025-01-25T19:59:36.291Z] INFO: Processing JSON file: 2024-08-12-20-21-12.json
[2025-01-25T19:59:36.293Z] INFO: Saving activities from file: 2024-08-12-20-21-12.json
[2025-01-25T19:59:36.311Z] INFO: Activities saved from file: 2024-08-12-20-21-12.json
[2025-01-25T19:59:36.311Z] WARN: No heart rate data found in file: 2024-08-12-20-21-12.json
[2025-01-25T19:59:36.311Z] INFO: Saving session data from file: 2024-08-12-20-21-12.json
[2025-01-25T19:59:36.312Z] INFO: Session data saved from file: 2024-08-12-20-21-12.json
[2025-01-25T19:59:36.312Z] INFO: Saving user profile data from file: 2024-08-12-20-21-12.json
[2025-01-25T19:59:36.313Z] INFO: User profile data saved from file: 2024-08-12-20-21-12.json
[2025-01-25T19:59:36.313Z] INFO: Processing JSON file: 2024-08-13-18-28-41.json
[2025-01-25T19:59:36.315Z] INFO: Saving activities from file: 2024-08-13-18-28-41.json
[2025-01-25T19:59:36.347Z] INFO: Activities saved from file: 2024-08-13-18-28-41.json
[2025-01-25T19:59:36.347Z] WARN: No heart rate data found in file: 2024-08-13-18-28-41.json
[2025-01-25T19:59:36.347Z] INFO: Saving session data from file: 2024-08-13-18-28-41.json
[2025-01-25T19:59:36.348Z] INFO: Session data saved from file: 2024-08-13-18-28-41.json
[2025-01-25T19:59:36.348Z] INFO: Saving user profile data from file: 2024-08-13-18-28-41.json
[2025-01-25T19:59:36.349Z] INFO: User profile data saved from file: 2024-08-13-18-28-41.json
[2025-01-25T19:59:36.349Z] INFO: Processing JSON file: 2024-08-14-18-13-44.json
[2025-01-25T19:59:36.350Z] INFO: Saving activities from file: 2024-08-14-18-13-44.json
[2025-01-25T19:59:36.426Z] INFO: Activities saved from file: 2024-08-14-18-13-44.json
[2025-01-25T19:59:36.426Z] WARN: No heart rate data found in file: 2024-08-14-18-13-44.json
[2025-01-25T19:59:36.426Z] INFO: Saving session data from file: 2024-08-14-18-13-44.json
[2025-01-25T19:59:36.428Z] INFO: Session data saved from file: 2024-08-14-18-13-44.json
[2025-01-25T19:59:36.428Z] INFO: Saving user profile data from file: 2024-08-14-18-13-44.json
[2025-01-25T19:59:36.428Z] INFO: User profile data saved from file: 2024-08-14-18-13-44.json
[2025-01-25T19:59:36.428Z] INFO: Processing JSON file: 2024-08-15-20-17-00.json
[2025-01-25T19:59:36.431Z] INFO: Saving activities from file: 2024-08-15-20-17-00.json
[2025-01-25T19:59:36.454Z] INFO: Activities saved from file: 2024-08-15-20-17-00.json
[2025-01-25T19:59:36.455Z] WARN: No heart rate data found in file: 2024-08-15-20-17-00.json
[2025-01-25T19:59:36.455Z] INFO: Saving session data from file: 2024-08-15-20-17-00.json
[2025-01-25T19:59:36.456Z] INFO: Session data saved from file: 2024-08-15-20-17-00.json
[2025-01-25T19:59:36.456Z] INFO: Saving user profile data from file: 2024-08-15-20-17-00.json
[2025-01-25T19:59:36.457Z] INFO: User profile data saved from file: 2024-08-15-20-17-00.json
[2025-01-25T19:59:36.457Z] INFO: Processing JSON file: 2024-08-16-18-58-02.json
[2025-01-25T19:59:36.462Z] INFO: Saving activities from file: 2024-08-16-18-58-02.json
[2025-01-25T19:59:36.522Z] INFO: Activities saved from file: 2024-08-16-18-58-02.json
[2025-01-25T19:59:36.523Z] WARN: No heart rate data found in file: 2024-08-16-18-58-02.json
[2025-01-25T19:59:36.523Z] INFO: Saving session data from file: 2024-08-16-18-58-02.json
[2025-01-25T19:59:36.524Z] INFO: Session data saved from file: 2024-08-16-18-58-02.json
[2025-01-25T19:59:36.525Z] INFO: Saving user profile data from file: 2024-08-16-18-58-02.json
[2025-01-25T19:59:36.525Z] INFO: User profile data saved from file: 2024-08-16-18-58-02.json
[2025-01-25T19:59:36.525Z] INFO: Processing JSON file: 2024-08-17-17-34-47.json
[2025-01-25T19:59:36.527Z] INFO: Saving activities from file: 2024-08-17-17-34-47.json
[2025-01-25T19:59:36.645Z] INFO: Activities saved from file: 2024-08-17-17-34-47.json
[2025-01-25T19:59:36.646Z] WARN: No heart rate data found in file: 2024-08-17-17-34-47.json
[2025-01-25T19:59:36.646Z] INFO: Saving session data from file: 2024-08-17-17-34-47.json
[2025-01-25T19:59:36.649Z] INFO: Session data saved from file: 2024-08-17-17-34-47.json
[2025-01-25T19:59:36.649Z] INFO: Saving user profile data from file: 2024-08-17-17-34-47.json
[2025-01-25T19:59:36.649Z] INFO: User profile data saved from file: 2024-08-17-17-34-47.json
[2025-01-25T19:59:36.649Z] INFO: Processing JSON file: 2024-08-19-17-20-58.json
[2025-01-25T19:59:36.656Z] INFO: Saving activities from file: 2024-08-19-17-20-58.json
[2025-01-25T19:59:36.691Z] INFO: Activities saved from file: 2024-08-19-17-20-58.json
[2025-01-25T19:59:36.691Z] WARN: No heart rate data found in file: 2024-08-19-17-20-58.json
[2025-01-25T19:59:36.691Z] INFO: Saving session data from file: 2024-08-19-17-20-58.json
[2025-01-25T19:59:36.693Z] INFO: Session data saved from file: 2024-08-19-17-20-58.json
[2025-01-25T19:59:36.693Z] INFO: Saving user profile data from file: 2024-08-19-17-20-58.json
[2025-01-25T19:59:36.693Z] INFO: User profile data saved from file: 2024-08-19-17-20-58.json
[2025-01-25T19:59:36.693Z] INFO: Processing JSON file: 2024-08-20-18-20-45.json
[2025-01-25T19:59:36.696Z] INFO: Saving activities from file: 2024-08-20-18-20-45.json
[2025-01-25T19:59:36.784Z] INFO: Activities saved from file: 2024-08-20-18-20-45.json
[2025-01-25T19:59:36.784Z] WARN: No heart rate data found in file: 2024-08-20-18-20-45.json
[2025-01-25T19:59:36.784Z] INFO: Saving session data from file: 2024-08-20-18-20-45.json
[2025-01-25T19:59:36.785Z] INFO: Session data saved from file: 2024-08-20-18-20-45.json
[2025-01-25T19:59:36.785Z] INFO: Saving user profile data from file: 2024-08-20-18-20-45.json
[2025-01-25T19:59:36.786Z] INFO: User profile data saved from file: 2024-08-20-18-20-45.json
[2025-01-25T19:59:36.786Z] INFO: Processing JSON file: 2024-08-21-18-02-22.json
[2025-01-25T19:59:36.789Z] INFO: Saving activities from file: 2024-08-21-18-02-22.json
[2025-01-25T19:59:36.827Z] INFO: Activities saved from file: 2024-08-21-18-02-22.json
[2025-01-25T19:59:36.827Z] WARN: No heart rate data found in file: 2024-08-21-18-02-22.json
[2025-01-25T19:59:36.827Z] INFO: Saving session data from file: 2024-08-21-18-02-22.json
[2025-01-25T19:59:36.829Z] INFO: Session data saved from file: 2024-08-21-18-02-22.json
[2025-01-25T19:59:36.829Z] INFO: Saving user profile data from file: 2024-08-21-18-02-22.json
[2025-01-25T19:59:36.830Z] INFO: User profile data saved from file: 2024-08-21-18-02-22.json
[2025-01-25T19:59:36.830Z] INFO: Processing JSON file: 2024-08-22-18-39-14.json
[2025-01-25T19:59:36.837Z] INFO: Saving activities from file: 2024-08-22-18-39-14.json
[2025-01-25T19:59:36.881Z] INFO: Activities saved from file: 2024-08-22-18-39-14.json
[2025-01-25T19:59:36.881Z] WARN: No heart rate data found in file: 2024-08-22-18-39-14.json
[2025-01-25T19:59:36.881Z] INFO: Saving session data from file: 2024-08-22-18-39-14.json
[2025-01-25T19:59:36.883Z] INFO: Session data saved from file: 2024-08-22-18-39-14.json
[2025-01-25T19:59:36.884Z] INFO: Saving user profile data from file: 2024-08-22-18-39-14.json
[2025-01-25T19:59:36.884Z] INFO: User profile data saved from file: 2024-08-22-18-39-14.json
[2025-01-25T19:59:36.884Z] INFO: Processing JSON file: 2024-08-23-17-51-42.json
[2025-01-25T19:59:36.888Z] INFO: Saving activities from file: 2024-08-23-17-51-42.json
[2025-01-25T19:59:36.992Z] INFO: Activities saved from file: 2024-08-23-17-51-42.json
[2025-01-25T19:59:36.992Z] WARN: No heart rate data found in file: 2024-08-23-17-51-42.json
[2025-01-25T19:59:36.992Z] INFO: Saving session data from file: 2024-08-23-17-51-42.json
[2025-01-25T19:59:36.993Z] INFO: Session data saved from file: 2024-08-23-17-51-42.json
[2025-01-25T19:59:36.993Z] INFO: Saving user profile data from file: 2024-08-23-17-51-42.json
[2025-01-25T19:59:36.993Z] INFO: User profile data saved from file: 2024-08-23-17-51-42.json
[2025-01-25T19:59:36.993Z] INFO: Processing JSON file: 2024-08-24-19-30-49.json
[2025-01-25T19:59:36.995Z] INFO: Saving activities from file: 2024-08-24-19-30-49.json
[2025-01-25T19:59:37.018Z] INFO: Activities saved from file: 2024-08-24-19-30-49.json
[2025-01-25T19:59:37.018Z] WARN: No heart rate data found in file: 2024-08-24-19-30-49.json
[2025-01-25T19:59:37.018Z] INFO: Saving session data from file: 2024-08-24-19-30-49.json
[2025-01-25T19:59:37.020Z] INFO: Session data saved from file: 2024-08-24-19-30-49.json
[2025-01-25T19:59:37.020Z] INFO: Saving user profile data from file: 2024-08-24-19-30-49.json
[2025-01-25T19:59:37.021Z] INFO: User profile data saved from file: 2024-08-24-19-30-49.json
[2025-01-25T19:59:37.021Z] INFO: Processing JSON file: 2024-08-25-14-26-42.json
[2025-01-25T19:59:37.032Z] INFO: Saving activities from file: 2024-08-25-14-26-42.json
[2025-01-25T19:59:37.220Z] INFO: Activities saved from file: 2024-08-25-14-26-42.json
[2025-01-25T19:59:37.221Z] WARN: No heart rate data found in file: 2024-08-25-14-26-42.json
[2025-01-25T19:59:37.221Z] INFO: Saving session data from file: 2024-08-25-14-26-42.json
[2025-01-25T19:59:37.226Z] INFO: Session data saved from file: 2024-08-25-14-26-42.json
[2025-01-25T19:59:37.226Z] INFO: Saving user profile data from file: 2024-08-25-14-26-42.json
[2025-01-25T19:59:37.227Z] INFO: User profile data saved from file: 2024-08-25-14-26-42.json
[2025-01-25T19:59:37.227Z] INFO: Processing JSON file: 2024-08-26-18-29-32.json
[2025-01-25T19:59:37.228Z] INFO: Saving activities from file: 2024-08-26-18-29-32.json
[2025-01-25T19:59:37.310Z] INFO: Activities saved from file: 2024-08-26-18-29-32.json
[2025-01-25T19:59:37.310Z] WARN: No heart rate data found in file: 2024-08-26-18-29-32.json
[2025-01-25T19:59:37.310Z] INFO: Saving session data from file: 2024-08-26-18-29-32.json
[2025-01-25T19:59:37.311Z] INFO: Session data saved from file: 2024-08-26-18-29-32.json
[2025-01-25T19:59:37.311Z] INFO: Saving user profile data from file: 2024-08-26-18-29-32.json
[2025-01-25T19:59:37.311Z] INFO: User profile data saved from file: 2024-08-26-18-29-32.json
[2025-01-25T19:59:37.311Z] INFO: Processing JSON file: 2024-08-27-19-05-06.json
[2025-01-25T19:59:37.314Z] INFO: Saving activities from file: 2024-08-27-19-05-06.json
[2025-01-25T19:59:37.336Z] INFO: Activities saved from file: 2024-08-27-19-05-06.json
[2025-01-25T19:59:37.336Z] WARN: No heart rate data found in file: 2024-08-27-19-05-06.json
[2025-01-25T19:59:37.336Z] INFO: Saving session data from file: 2024-08-27-19-05-06.json
[2025-01-25T19:59:37.337Z] INFO: Session data saved from file: 2024-08-27-19-05-06.json
[2025-01-25T19:59:37.338Z] INFO: Saving user profile data from file: 2024-08-27-19-05-06.json
[2025-01-25T19:59:37.338Z] INFO: User profile data saved from file: 2024-08-27-19-05-06.json
[2025-01-25T19:59:37.338Z] INFO: Processing JSON file: 2024-08-28-19-30-05.json
[2025-01-25T19:59:37.341Z] INFO: Saving activities from file: 2024-08-28-19-30-05.json
[2025-01-25T19:59:37.389Z] INFO: Activities saved from file: 2024-08-28-19-30-05.json
[2025-01-25T19:59:37.389Z] WARN: No heart rate data found in file: 2024-08-28-19-30-05.json
[2025-01-25T19:59:37.389Z] INFO: Saving session data from file: 2024-08-28-19-30-05.json
[2025-01-25T19:59:37.393Z] INFO: Session data saved from file: 2024-08-28-19-30-05.json
[2025-01-25T19:59:37.393Z] INFO: Saving user profile data from file: 2024-08-28-19-30-05.json
[2025-01-25T19:59:37.394Z] INFO: User profile data saved from file: 2024-08-28-19-30-05.json
[2025-01-25T19:59:37.394Z] INFO: Processing JSON file: 2024-08-30-19-27-42.json
[2025-01-25T19:59:37.399Z] INFO: Saving activities from file: 2024-08-30-19-27-42.json
[2025-01-25T19:59:37.430Z] INFO: Activities saved from file: 2024-08-30-19-27-42.json
[2025-01-25T19:59:37.430Z] WARN: No heart rate data found in file: 2024-08-30-19-27-42.json
[2025-01-25T19:59:37.430Z] INFO: Saving session data from file: 2024-08-30-19-27-42.json
[2025-01-25T19:59:37.432Z] INFO: Session data saved from file: 2024-08-30-19-27-42.json
[2025-01-25T19:59:37.432Z] INFO: Saving user profile data from file: 2024-08-30-19-27-42.json
[2025-01-25T19:59:37.432Z] INFO: User profile data saved from file: 2024-08-30-19-27-42.json
[2025-01-25T19:59:37.432Z] INFO: Processing JSON file: 2024-08-31-18-27-09.json
[2025-01-25T19:59:37.436Z] INFO: Saving activities from file: 2024-08-31-18-27-09.json
[2025-01-25T19:59:37.483Z] INFO: Activities saved from file: 2024-08-31-18-27-09.json
[2025-01-25T19:59:37.483Z] WARN: No heart rate data found in file: 2024-08-31-18-27-09.json
[2025-01-25T19:59:37.483Z] INFO: Saving session data from file: 2024-08-31-18-27-09.json
[2025-01-25T19:59:37.484Z] INFO: Session data saved from file: 2024-08-31-18-27-09.json
[2025-01-25T19:59:37.484Z] INFO: Saving user profile data from file: 2024-08-31-18-27-09.json
[2025-01-25T19:59:37.484Z] INFO: User profile data saved from file: 2024-08-31-18-27-09.json
[2025-01-25T19:59:37.484Z] INFO: Processing JSON file: 2024-09-01-18-51-38.json
[2025-01-25T19:59:37.490Z] INFO: Saving activities from file: 2024-09-01-18-51-38.json
[2025-01-25T19:59:37.532Z] INFO: Activities saved from file: 2024-09-01-18-51-38.json
[2025-01-25T19:59:37.532Z] WARN: No heart rate data found in file: 2024-09-01-18-51-38.json
[2025-01-25T19:59:37.532Z] INFO: Saving session data from file: 2024-09-01-18-51-38.json
[2025-01-25T19:59:37.533Z] INFO: Session data saved from file: 2024-09-01-18-51-38.json
[2025-01-25T19:59:37.533Z] INFO: Saving user profile data from file: 2024-09-01-18-51-38.json
[2025-01-25T19:59:37.533Z] INFO: User profile data saved from file: 2024-09-01-18-51-38.json
[2025-01-25T19:59:37.533Z] INFO: Processing JSON file: 2024-09-02-18-42-20.json
[2025-01-25T19:59:37.535Z] INFO: Saving activities from file: 2024-09-02-18-42-20.json
[2025-01-25T19:59:37.619Z] INFO: Activities saved from file: 2024-09-02-18-42-20.json
[2025-01-25T19:59:37.619Z] WARN: No heart rate data found in file: 2024-09-02-18-42-20.json
[2025-01-25T19:59:37.619Z] INFO: Saving session data from file: 2024-09-02-18-42-20.json
[2025-01-25T19:59:37.620Z] INFO: Session data saved from file: 2024-09-02-18-42-20.json
[2025-01-25T19:59:37.621Z] INFO: Saving user profile data from file: 2024-09-02-18-42-20.json
[2025-01-25T19:59:37.621Z] INFO: User profile data saved from file: 2024-09-02-18-42-20.json
[2025-01-25T19:59:37.621Z] INFO: Processing JSON file: 2024-09-04-19-03-08.json
[2025-01-25T19:59:37.624Z] INFO: Saving activities from file: 2024-09-04-19-03-08.json
[2025-01-25T19:59:37.663Z] INFO: Activities saved from file: 2024-09-04-19-03-08.json
[2025-01-25T19:59:37.663Z] WARN: No heart rate data found in file: 2024-09-04-19-03-08.json
[2025-01-25T19:59:37.663Z] INFO: Saving session data from file: 2024-09-04-19-03-08.json
[2025-01-25T19:59:37.665Z] INFO: Session data saved from file: 2024-09-04-19-03-08.json
[2025-01-25T19:59:37.665Z] INFO: Saving user profile data from file: 2024-09-04-19-03-08.json
[2025-01-25T19:59:37.665Z] INFO: User profile data saved from file: 2024-09-04-19-03-08.json
[2025-01-25T19:59:37.665Z] INFO: Processing JSON file: 2024-09-05-18-06-04.json
[2025-01-25T19:59:37.668Z] INFO: Saving activities from file: 2024-09-05-18-06-04.json
[2025-01-25T19:59:37.701Z] INFO: Activities saved from file: 2024-09-05-18-06-04.json
[2025-01-25T19:59:37.701Z] WARN: No heart rate data found in file: 2024-09-05-18-06-04.json
[2025-01-25T19:59:37.701Z] INFO: Saving session data from file: 2024-09-05-18-06-04.json
[2025-01-25T19:59:37.703Z] INFO: Session data saved from file: 2024-09-05-18-06-04.json
[2025-01-25T19:59:37.704Z] INFO: Saving user profile data from file: 2024-09-05-18-06-04.json
[2025-01-25T19:59:37.705Z] INFO: User profile data saved from file: 2024-09-05-18-06-04.json
[2025-01-25T19:59:37.705Z] INFO: Processing JSON file: 2024-09-06-18-19-47.json
[2025-01-25T19:59:37.710Z] INFO: Saving activities from file: 2024-09-06-18-19-47.json
[2025-01-25T19:59:37.852Z] INFO: Activities saved from file: 2024-09-06-18-19-47.json
[2025-01-25T19:59:37.852Z] WARN: No heart rate data found in file: 2024-09-06-18-19-47.json
[2025-01-25T19:59:37.852Z] INFO: Saving session data from file: 2024-09-06-18-19-47.json
[2025-01-25T19:59:37.855Z] INFO: Session data saved from file: 2024-09-06-18-19-47.json
[2025-01-25T19:59:37.855Z] INFO: Saving user profile data from file: 2024-09-06-18-19-47.json
[2025-01-25T19:59:37.856Z] INFO: User profile data saved from file: 2024-09-06-18-19-47.json
[2025-01-25T19:59:37.856Z] INFO: Processing JSON file: 2024-09-07-18-17-47.json
[2025-01-25T19:59:37.861Z] INFO: Saving activities from file: 2024-09-07-18-17-47.json
[2025-01-25T19:59:37.917Z] INFO: Activities saved from file: 2024-09-07-18-17-47.json
[2025-01-25T19:59:37.917Z] WARN: No heart rate data found in file: 2024-09-07-18-17-47.json
[2025-01-25T19:59:37.917Z] INFO: Saving session data from file: 2024-09-07-18-17-47.json
[2025-01-25T19:59:37.921Z] INFO: Session data saved from file: 2024-09-07-18-17-47.json
[2025-01-25T19:59:37.921Z] INFO: Saving user profile data from file: 2024-09-07-18-17-47.json
[2025-01-25T19:59:37.922Z] INFO: User profile data saved from file: 2024-09-07-18-17-47.json
[2025-01-25T19:59:37.922Z] INFO: Processing JSON file: 2024-09-08-18-07-44.json
[2025-01-25T19:59:37.931Z] INFO: Saving activities from file: 2024-09-08-18-07-44.json
[2025-01-25T19:59:38.029Z] INFO: Activities saved from file: 2024-09-08-18-07-44.json
[2025-01-25T19:59:38.029Z] WARN: No heart rate data found in file: 2024-09-08-18-07-44.json
[2025-01-25T19:59:38.029Z] INFO: Saving session data from file: 2024-09-08-18-07-44.json
[2025-01-25T19:59:38.032Z] INFO: Session data saved from file: 2024-09-08-18-07-44.json
[2025-01-25T19:59:38.033Z] INFO: Saving user profile data from file: 2024-09-08-18-07-44.json
[2025-01-25T19:59:38.033Z] INFO: User profile data saved from file: 2024-09-08-18-07-44.json
[2025-01-25T19:59:38.033Z] INFO: Processing JSON file: 2024-09-09-17-35-40.json
[2025-01-25T19:59:38.037Z] INFO: Saving activities from file: 2024-09-09-17-35-40.json
[2025-01-25T19:59:38.160Z] INFO: Activities saved from file: 2024-09-09-17-35-40.json
[2025-01-25T19:59:38.160Z] WARN: No heart rate data found in file: 2024-09-09-17-35-40.json
[2025-01-25T19:59:38.160Z] INFO: Saving session data from file: 2024-09-09-17-35-40.json
[2025-01-25T19:59:38.161Z] INFO: Session data saved from file: 2024-09-09-17-35-40.json
[2025-01-25T19:59:38.161Z] INFO: Saving user profile data from file: 2024-09-09-17-35-40.json
[2025-01-25T19:59:38.162Z] INFO: User profile data saved from file: 2024-09-09-17-35-40.json
[2025-01-25T19:59:38.162Z] INFO: Processing JSON file: 2024-09-10-18-21-58.json
[2025-01-25T19:59:38.167Z] INFO: Saving activities from file: 2024-09-10-18-21-58.json
[2025-01-25T19:59:38.200Z] INFO: Activities saved from file: 2024-09-10-18-21-58.json
[2025-01-25T19:59:38.200Z] WARN: No heart rate data found in file: 2024-09-10-18-21-58.json
[2025-01-25T19:59:38.200Z] INFO: Saving session data from file: 2024-09-10-18-21-58.json
[2025-01-25T19:59:38.204Z] INFO: Session data saved from file: 2024-09-10-18-21-58.json
[2025-01-25T19:59:38.205Z] INFO: Saving user profile data from file: 2024-09-10-18-21-58.json
[2025-01-25T19:59:38.205Z] INFO: User profile data saved from file: 2024-09-10-18-21-58.json
[2025-01-25T19:59:38.205Z] INFO: Processing JSON file: 2024-09-11-18-57-05.json
[2025-01-25T19:59:38.206Z] INFO: Saving activities from file: 2024-09-11-18-57-05.json
[2025-01-25T19:59:38.230Z] INFO: Activities saved from file: 2024-09-11-18-57-05.json
[2025-01-25T19:59:38.231Z] WARN: No heart rate data found in file: 2024-09-11-18-57-05.json
[2025-01-25T19:59:38.231Z] INFO: Saving session data from file: 2024-09-11-18-57-05.json
[2025-01-25T19:59:38.234Z] INFO: Session data saved from file: 2024-09-11-18-57-05.json
[2025-01-25T19:59:38.234Z] INFO: Saving user profile data from file: 2024-09-11-18-57-05.json
[2025-01-25T19:59:38.234Z] INFO: User profile data saved from file: 2024-09-11-18-57-05.json
[2025-01-25T19:59:38.234Z] INFO: Processing JSON file: 2024-09-12-19-10-09.json
[2025-01-25T19:59:38.238Z] INFO: Saving activities from file: 2024-09-12-19-10-09.json
[2025-01-25T19:59:38.277Z] INFO: Activities saved from file: 2024-09-12-19-10-09.json
[2025-01-25T19:59:38.278Z] WARN: No heart rate data found in file: 2024-09-12-19-10-09.json
[2025-01-25T19:59:38.278Z] INFO: Saving session data from file: 2024-09-12-19-10-09.json
[2025-01-25T19:59:38.279Z] INFO: Session data saved from file: 2024-09-12-19-10-09.json
[2025-01-25T19:59:38.279Z] INFO: Saving user profile data from file: 2024-09-12-19-10-09.json
[2025-01-25T19:59:38.280Z] INFO: User profile data saved from file: 2024-09-12-19-10-09.json
[2025-01-25T19:59:38.280Z] INFO: Processing JSON file: 2024-09-13-18-42-51.json
[2025-01-25T19:59:38.283Z] INFO: Saving activities from file: 2024-09-13-18-42-51.json
[2025-01-25T19:59:38.378Z] INFO: Activities saved from file: 2024-09-13-18-42-51.json
[2025-01-25T19:59:38.378Z] WARN: No heart rate data found in file: 2024-09-13-18-42-51.json
[2025-01-25T19:59:38.378Z] INFO: Saving session data from file: 2024-09-13-18-42-51.json
[2025-01-25T19:59:38.379Z] INFO: Session data saved from file: 2024-09-13-18-42-51.json
[2025-01-25T19:59:38.379Z] INFO: Saving user profile data from file: 2024-09-13-18-42-51.json
[2025-01-25T19:59:38.379Z] INFO: User profile data saved from file: 2024-09-13-18-42-51.json
[2025-01-25T19:59:38.379Z] INFO: Processing JSON file: 2024-09-14-19-54-24.json
[2025-01-25T19:59:38.380Z] INFO: Saving activities from file: 2024-09-14-19-54-24.json
[2025-01-25T19:59:38.402Z] INFO: Activities saved from file: 2024-09-14-19-54-24.json
[2025-01-25T19:59:38.402Z] WARN: No heart rate data found in file: 2024-09-14-19-54-24.json
[2025-01-25T19:59:38.402Z] INFO: Saving session data from file: 2024-09-14-19-54-24.json
[2025-01-25T19:59:38.404Z] INFO: Session data saved from file: 2024-09-14-19-54-24.json
[2025-01-25T19:59:38.404Z] INFO: Saving user profile data from file: 2024-09-14-19-54-24.json
[2025-01-25T19:59:38.404Z] INFO: User profile data saved from file: 2024-09-14-19-54-24.json
[2025-01-25T19:59:38.404Z] INFO: Processing JSON file: 2024-09-15-17-25-19.json
[2025-01-25T19:59:38.408Z] INFO: Saving activities from file: 2024-09-15-17-25-19.json
[2025-01-25T19:59:38.454Z] INFO: Activities saved from file: 2024-09-15-17-25-19.json
[2025-01-25T19:59:38.454Z] WARN: No heart rate data found in file: 2024-09-15-17-25-19.json
[2025-01-25T19:59:38.454Z] INFO: Saving session data from file: 2024-09-15-17-25-19.json
[2025-01-25T19:59:38.457Z] INFO: Session data saved from file: 2024-09-15-17-25-19.json
[2025-01-25T19:59:38.457Z] INFO: Saving user profile data from file: 2024-09-15-17-25-19.json
[2025-01-25T19:59:38.458Z] INFO: User profile data saved from file: 2024-09-15-17-25-19.json
[2025-01-25T19:59:38.458Z] INFO: Processing JSON file: 2024-09-16-17-50-11.json
[2025-01-25T19:59:38.460Z] INFO: Saving activities from file: 2024-09-16-17-50-11.json
[2025-01-25T19:59:38.506Z] INFO: Activities saved from file: 2024-09-16-17-50-11.json
[2025-01-25T19:59:38.507Z] WARN: No heart rate data found in file: 2024-09-16-17-50-11.json
[2025-01-25T19:59:38.507Z] INFO: Saving session data from file: 2024-09-16-17-50-11.json
[2025-01-25T19:59:38.511Z] INFO: Session data saved from file: 2024-09-16-17-50-11.json
[2025-01-25T19:59:38.511Z] INFO: Saving user profile data from file: 2024-09-16-17-50-11.json
[2025-01-25T19:59:38.511Z] INFO: User profile data saved from file: 2024-09-16-17-50-11.json
[2025-01-25T19:59:38.511Z] INFO: Processing JSON file: 2024-09-17-16-41-54.json
[2025-01-25T19:59:38.512Z] INFO: Saving activities from file: 2024-09-17-16-41-54.json
[2025-01-25T19:59:38.520Z] INFO: Activities saved from file: 2024-09-17-16-41-54.json
[2025-01-25T19:59:38.520Z] WARN: No heart rate data found in file: 2024-09-17-16-41-54.json
[2025-01-25T19:59:38.520Z] INFO: Saving session data from file: 2024-09-17-16-41-54.json
[2025-01-25T19:59:38.522Z] INFO: Session data saved from file: 2024-09-17-16-41-54.json
[2025-01-25T19:59:38.522Z] INFO: Saving user profile data from file: 2024-09-17-16-41-54.json
[2025-01-25T19:59:38.523Z] INFO: User profile data saved from file: 2024-09-17-16-41-54.json
[2025-01-25T19:59:38.523Z] INFO: Processing JSON file: 2024-09-18-18-49-04.json
[2025-01-25T19:59:38.530Z] INFO: Saving activities from file: 2024-09-18-18-49-04.json
[2025-01-25T19:59:38.569Z] INFO: Activities saved from file: 2024-09-18-18-49-04.json
[2025-01-25T19:59:38.569Z] WARN: No heart rate data found in file: 2024-09-18-18-49-04.json
[2025-01-25T19:59:38.570Z] INFO: Saving session data from file: 2024-09-18-18-49-04.json
[2025-01-25T19:59:38.571Z] INFO: Session data saved from file: 2024-09-18-18-49-04.json
[2025-01-25T19:59:38.572Z] INFO: Saving user profile data from file: 2024-09-18-18-49-04.json
[2025-01-25T19:59:38.572Z] INFO: User profile data saved from file: 2024-09-18-18-49-04.json
[2025-01-25T19:59:38.572Z] INFO: Processing JSON file: 2024-09-19-16-52-16.json
[2025-01-25T19:59:38.574Z] INFO: Saving activities from file: 2024-09-19-16-52-16.json
[2025-01-25T19:59:38.593Z] INFO: Activities saved from file: 2024-09-19-16-52-16.json
[2025-01-25T19:59:38.593Z] WARN: No heart rate data found in file: 2024-09-19-16-52-16.json
[2025-01-25T19:59:38.593Z] INFO: Saving session data from file: 2024-09-19-16-52-16.json
[2025-01-25T19:59:38.595Z] INFO: Session data saved from file: 2024-09-19-16-52-16.json
[2025-01-25T19:59:38.595Z] INFO: Saving user profile data from file: 2024-09-19-16-52-16.json
[2025-01-25T19:59:38.595Z] INFO: User profile data saved from file: 2024-09-19-16-52-16.json
[2025-01-25T19:59:38.595Z] INFO: Processing JSON file: 2024-09-19-17-39-02.json
[2025-01-25T19:59:38.598Z] INFO: Saving activities from file: 2024-09-19-17-39-02.json
[2025-01-25T19:59:38.618Z] INFO: Activities saved from file: 2024-09-19-17-39-02.json
[2025-01-25T19:59:38.619Z] WARN: No heart rate data found in file: 2024-09-19-17-39-02.json
[2025-01-25T19:59:38.619Z] INFO: Saving session data from file: 2024-09-19-17-39-02.json
[2025-01-25T19:59:38.620Z] INFO: Session data saved from file: 2024-09-19-17-39-02.json
[2025-01-25T19:59:38.620Z] INFO: Saving user profile data from file: 2024-09-19-17-39-02.json
[2025-01-25T19:59:38.620Z] INFO: User profile data saved from file: 2024-09-19-17-39-02.json
[2025-01-25T19:59:38.620Z] INFO: Processing JSON file: 2024-09-21-15-35-26.json
[2025-01-25T19:59:38.622Z] INFO: Saving activities from file: 2024-09-21-15-35-26.json
[2025-01-25T19:59:38.705Z] INFO: Activities saved from file: 2024-09-21-15-35-26.json
[2025-01-25T19:59:38.705Z] WARN: No heart rate data found in file: 2024-09-21-15-35-26.json
[2025-01-25T19:59:38.705Z] INFO: Saving session data from file: 2024-09-21-15-35-26.json
[2025-01-25T19:59:38.706Z] INFO: Session data saved from file: 2024-09-21-15-35-26.json
[2025-01-25T19:59:38.706Z] INFO: Saving user profile data from file: 2024-09-21-15-35-26.json
[2025-01-25T19:59:38.706Z] INFO: User profile data saved from file: 2024-09-21-15-35-26.json
[2025-01-25T19:59:38.706Z] INFO: Processing JSON file: 2024-09-22-18-10-41.json
[2025-01-25T19:59:38.709Z] INFO: Saving activities from file: 2024-09-22-18-10-41.json
[2025-01-25T19:59:38.733Z] INFO: Activities saved from file: 2024-09-22-18-10-41.json
[2025-01-25T19:59:38.733Z] WARN: No heart rate data found in file: 2024-09-22-18-10-41.json
[2025-01-25T19:59:38.733Z] INFO: Saving session data from file: 2024-09-22-18-10-41.json
[2025-01-25T19:59:38.735Z] INFO: Session data saved from file: 2024-09-22-18-10-41.json
[2025-01-25T19:59:38.735Z] INFO: Saving user profile data from file: 2024-09-22-18-10-41.json
[2025-01-25T19:59:38.735Z] INFO: User profile data saved from file: 2024-09-22-18-10-41.json
[2025-01-25T19:59:38.736Z] INFO: Processing JSON file: 2024-09-23-17-18-15.json
[2025-01-25T19:59:38.739Z] INFO: Saving activities from file: 2024-09-23-17-18-15.json
[2025-01-25T19:59:38.846Z] INFO: Activities saved from file: 2024-09-23-17-18-15.json
[2025-01-25T19:59:38.846Z] WARN: No heart rate data found in file: 2024-09-23-17-18-15.json
[2025-01-25T19:59:38.847Z] INFO: Saving session data from file: 2024-09-23-17-18-15.json
[2025-01-25T19:59:38.849Z] INFO: Session data saved from file: 2024-09-23-17-18-15.json
[2025-01-25T19:59:38.849Z] INFO: Saving user profile data from file: 2024-09-23-17-18-15.json
[2025-01-25T19:59:38.850Z] INFO: User profile data saved from file: 2024-09-23-17-18-15.json
[2025-01-25T19:59:38.850Z] INFO: Processing JSON file: 2024-09-24-18-15-53.json
[2025-01-25T19:59:38.854Z] INFO: Saving activities from file: 2024-09-24-18-15-53.json
[2025-01-25T19:59:39.031Z] INFO: Activities saved from file: 2024-09-24-18-15-53.json
[2025-01-25T19:59:39.032Z] WARN: No heart rate data found in file: 2024-09-24-18-15-53.json
[2025-01-25T19:59:39.032Z] INFO: Saving session data from file: 2024-09-24-18-15-53.json
[2025-01-25T19:59:39.034Z] INFO: Session data saved from file: 2024-09-24-18-15-53.json
[2025-01-25T19:59:39.034Z] INFO: Saving user profile data from file: 2024-09-24-18-15-53.json
[2025-01-25T19:59:39.034Z] INFO: User profile data saved from file: 2024-09-24-18-15-53.json
[2025-01-25T19:59:39.034Z] INFO: Processing JSON file: 2024-09-25-18-25-48.json
[2025-01-25T19:59:39.041Z] INFO: Saving activities from file: 2024-09-25-18-25-48.json
[2025-01-25T19:59:39.083Z] INFO: Activities saved from file: 2024-09-25-18-25-48.json
[2025-01-25T19:59:39.084Z] WARN: No heart rate data found in file: 2024-09-25-18-25-48.json
[2025-01-25T19:59:39.084Z] INFO: Saving session data from file: 2024-09-25-18-25-48.json
[2025-01-25T19:59:39.085Z] INFO: Session data saved from file: 2024-09-25-18-25-48.json
[2025-01-25T19:59:39.085Z] INFO: Saving user profile data from file: 2024-09-25-18-25-48.json
[2025-01-25T19:59:39.085Z] INFO: User profile data saved from file: 2024-09-25-18-25-48.json
[2025-01-25T19:59:39.086Z] INFO: Processing JSON file: 2024-09-26-18-39-57.json
[2025-01-25T19:59:39.087Z] INFO: Saving activities from file: 2024-09-26-18-39-57.json
[2025-01-25T19:59:39.136Z] INFO: Activities saved from file: 2024-09-26-18-39-57.json
[2025-01-25T19:59:39.137Z] WARN: No heart rate data found in file: 2024-09-26-18-39-57.json
[2025-01-25T19:59:39.137Z] INFO: Saving session data from file: 2024-09-26-18-39-57.json
[2025-01-25T19:59:39.138Z] INFO: Session data saved from file: 2024-09-26-18-39-57.json
[2025-01-25T19:59:39.138Z] INFO: Saving user profile data from file: 2024-09-26-18-39-57.json
[2025-01-25T19:59:39.138Z] INFO: User profile data saved from file: 2024-09-26-18-39-57.json
[2025-01-25T19:59:39.138Z] INFO: Processing JSON file: 2024-09-27-17-49-24.json
[2025-01-25T19:59:39.140Z] INFO: Saving activities from file: 2024-09-27-17-49-24.json
[2025-01-25T19:59:39.255Z] INFO: Activities saved from file: 2024-09-27-17-49-24.json
[2025-01-25T19:59:39.255Z] WARN: No heart rate data found in file: 2024-09-27-17-49-24.json
[2025-01-25T19:59:39.255Z] INFO: Saving session data from file: 2024-09-27-17-49-24.json
[2025-01-25T19:59:39.256Z] INFO: Session data saved from file: 2024-09-27-17-49-24.json
[2025-01-25T19:59:39.256Z] INFO: Saving user profile data from file: 2024-09-27-17-49-24.json
[2025-01-25T19:59:39.256Z] INFO: User profile data saved from file: 2024-09-27-17-49-24.json
[2025-01-25T19:59:39.256Z] INFO: Processing JSON file: 2024-09-29-15-58-00.json
[2025-01-25T19:59:39.261Z] INFO: Saving activities from file: 2024-09-29-15-58-00.json
[2025-01-25T19:59:39.325Z] INFO: Activities saved from file: 2024-09-29-15-58-00.json
[2025-01-25T19:59:39.325Z] WARN: No heart rate data found in file: 2024-09-29-15-58-00.json
[2025-01-25T19:59:39.325Z] INFO: Saving session data from file: 2024-09-29-15-58-00.json
[2025-01-25T19:59:39.327Z] INFO: Session data saved from file: 2024-09-29-15-58-00.json
[2025-01-25T19:59:39.327Z] INFO: Saving user profile data from file: 2024-09-29-15-58-00.json
[2025-01-25T19:59:39.327Z] INFO: User profile data saved from file: 2024-09-29-15-58-00.json
[2025-01-25T19:59:39.327Z] INFO: Processing JSON file: 2024-09-30-18-50-34.json
[2025-01-25T19:59:39.329Z] INFO: Saving activities from file: 2024-09-30-18-50-34.json
[2025-01-25T19:59:39.374Z] INFO: Activities saved from file: 2024-09-30-18-50-34.json
[2025-01-25T19:59:39.374Z] WARN: No heart rate data found in file: 2024-09-30-18-50-34.json
[2025-01-25T19:59:39.374Z] INFO: Saving session data from file: 2024-09-30-18-50-34.json
[2025-01-25T19:59:39.376Z] INFO: Session data saved from file: 2024-09-30-18-50-34.json
[2025-01-25T19:59:39.376Z] INFO: Saving user profile data from file: 2024-09-30-18-50-34.json
[2025-01-25T19:59:39.376Z] INFO: User profile data saved from file: 2024-09-30-18-50-34.json
[2025-01-25T19:59:39.376Z] INFO: Processing JSON file: 2024-10-01-16-47-46.json
[2025-01-25T19:59:39.385Z] INFO: Saving activities from file: 2024-10-01-16-47-46.json
[2025-01-25T19:59:39.433Z] INFO: Activities saved from file: 2024-10-01-16-47-46.json
[2025-01-25T19:59:39.433Z] WARN: No heart rate data found in file: 2024-10-01-16-47-46.json
[2025-01-25T19:59:39.433Z] INFO: Saving session data from file: 2024-10-01-16-47-46.json
[2025-01-25T19:59:39.434Z] INFO: Session data saved from file: 2024-10-01-16-47-46.json
[2025-01-25T19:59:39.434Z] INFO: Saving user profile data from file: 2024-10-01-16-47-46.json
[2025-01-25T19:59:39.434Z] INFO: User profile data saved from file: 2024-10-01-16-47-46.json
[2025-01-25T19:59:39.434Z] INFO: Processing JSON file: 2024-10-01-18-10-09.json
[2025-01-25T19:59:39.435Z] INFO: Saving activities from file: 2024-10-01-18-10-09.json
[2025-01-25T19:59:39.436Z] INFO: Activities saved from file: 2024-10-01-18-10-09.json
[2025-01-25T19:59:39.436Z] WARN: No heart rate data found in file: 2024-10-01-18-10-09.json
[2025-01-25T19:59:39.436Z] INFO: Saving session data from file: 2024-10-01-18-10-09.json
[2025-01-25T19:59:39.437Z] INFO: Session data saved from file: 2024-10-01-18-10-09.json
[2025-01-25T19:59:39.437Z] INFO: Saving user profile data from file: 2024-10-01-18-10-09.json
[2025-01-25T19:59:39.437Z] INFO: User profile data saved from file: 2024-10-01-18-10-09.json
[2025-01-25T19:59:39.437Z] INFO: Processing JSON file: 2024-10-02-17-48-37.json
[2025-01-25T19:59:39.439Z] INFO: Saving activities from file: 2024-10-02-17-48-37.json
[2025-01-25T19:59:39.563Z] INFO: Activities saved from file: 2024-10-02-17-48-37.json
[2025-01-25T19:59:39.563Z] WARN: No heart rate data found in file: 2024-10-02-17-48-37.json
[2025-01-25T19:59:39.563Z] INFO: Saving session data from file: 2024-10-02-17-48-37.json
[2025-01-25T19:59:39.564Z] INFO: Session data saved from file: 2024-10-02-17-48-37.json
[2025-01-25T19:59:39.565Z] INFO: Saving user profile data from file: 2024-10-02-17-48-37.json
[2025-01-25T19:59:39.565Z] INFO: User profile data saved from file: 2024-10-02-17-48-37.json
[2025-01-25T19:59:39.565Z] INFO: Processing JSON file: 2024-10-03-19-38-43.json
[2025-01-25T19:59:39.567Z] INFO: Saving activities from file: 2024-10-03-19-38-43.json
[2025-01-25T19:59:39.624Z] INFO: Activities saved from file: 2024-10-03-19-38-43.json
[2025-01-25T19:59:39.624Z] WARN: No heart rate data found in file: 2024-10-03-19-38-43.json
[2025-01-25T19:59:39.624Z] INFO: Saving session data from file: 2024-10-03-19-38-43.json
[2025-01-25T19:59:39.626Z] INFO: Session data saved from file: 2024-10-03-19-38-43.json
[2025-01-25T19:59:39.626Z] INFO: Saving user profile data from file: 2024-10-03-19-38-43.json
[2025-01-25T19:59:39.627Z] INFO: User profile data saved from file: 2024-10-03-19-38-43.json
[2025-01-25T19:59:39.627Z] INFO: Processing JSON file: 2024-10-04-17-59-53.json
[2025-01-25T19:59:39.632Z] INFO: Saving activities from file: 2024-10-04-17-59-53.json
[2025-01-25T19:59:39.666Z] INFO: Activities saved from file: 2024-10-04-17-59-53.json
[2025-01-25T19:59:39.666Z] WARN: No heart rate data found in file: 2024-10-04-17-59-53.json
[2025-01-25T19:59:39.666Z] INFO: Saving session data from file: 2024-10-04-17-59-53.json
[2025-01-25T19:59:39.667Z] INFO: Session data saved from file: 2024-10-04-17-59-53.json
[2025-01-25T19:59:39.667Z] INFO: Saving user profile data from file: 2024-10-04-17-59-53.json
[2025-01-25T19:59:39.668Z] INFO: User profile data saved from file: 2024-10-04-17-59-53.json
[2025-01-25T19:59:39.668Z] INFO: Processing JSON file: 2024-10-06-15-06-46.json
[2025-01-25T19:59:39.671Z] INFO: Saving activities from file: 2024-10-06-15-06-46.json
[2025-01-25T19:59:39.830Z] INFO: Activities saved from file: 2024-10-06-15-06-46.json
[2025-01-25T19:59:39.831Z] WARN: No heart rate data found in file: 2024-10-06-15-06-46.json
[2025-01-25T19:59:39.831Z] INFO: Saving session data from file: 2024-10-06-15-06-46.json
[2025-01-25T19:59:39.832Z] INFO: Session data saved from file: 2024-10-06-15-06-46.json
[2025-01-25T19:59:39.832Z] INFO: Saving user profile data from file: 2024-10-06-15-06-46.json
[2025-01-25T19:59:39.833Z] INFO: User profile data saved from file: 2024-10-06-15-06-46.json
[2025-01-25T19:59:39.833Z] INFO: Processing JSON file: 2024-10-08-18-04-58.json
[2025-01-25T19:59:39.838Z] INFO: Saving activities from file: 2024-10-08-18-04-58.json
[2025-01-25T19:59:39.877Z] INFO: Activities saved from file: 2024-10-08-18-04-58.json
[2025-01-25T19:59:39.877Z] WARN: No heart rate data found in file: 2024-10-08-18-04-58.json
[2025-01-25T19:59:39.877Z] INFO: Saving session data from file: 2024-10-08-18-04-58.json
[2025-01-25T19:59:39.880Z] INFO: Session data saved from file: 2024-10-08-18-04-58.json
[2025-01-25T19:59:39.881Z] INFO: Saving user profile data from file: 2024-10-08-18-04-58.json
[2025-01-25T19:59:39.882Z] INFO: User profile data saved from file: 2024-10-08-18-04-58.json
[2025-01-25T19:59:39.882Z] INFO: Processing JSON file: 2024-10-09-18-14-43.json
[2025-01-25T19:59:39.884Z] INFO: Saving activities from file: 2024-10-09-18-14-43.json
[2025-01-25T19:59:39.926Z] INFO: Activities saved from file: 2024-10-09-18-14-43.json
[2025-01-25T19:59:39.926Z] WARN: No heart rate data found in file: 2024-10-09-18-14-43.json
[2025-01-25T19:59:39.926Z] INFO: Saving session data from file: 2024-10-09-18-14-43.json
[2025-01-25T19:59:39.927Z] INFO: Session data saved from file: 2024-10-09-18-14-43.json
[2025-01-25T19:59:39.928Z] INFO: Saving user profile data from file: 2024-10-09-18-14-43.json
[2025-01-25T19:59:39.928Z] INFO: User profile data saved from file: 2024-10-09-18-14-43.json
[2025-01-25T19:59:39.928Z] INFO: Processing JSON file: 2024-10-10-18-05-27.json
[2025-01-25T19:59:39.935Z] INFO: Saving activities from file: 2024-10-10-18-05-27.json
[2025-01-25T19:59:39.963Z] INFO: Activities saved from file: 2024-10-10-18-05-27.json
[2025-01-25T19:59:39.963Z] WARN: No heart rate data found in file: 2024-10-10-18-05-27.json
[2025-01-25T19:59:39.963Z] INFO: Saving session data from file: 2024-10-10-18-05-27.json
[2025-01-25T19:59:39.965Z] INFO: Session data saved from file: 2024-10-10-18-05-27.json
[2025-01-25T19:59:39.966Z] INFO: Saving user profile data from file: 2024-10-10-18-05-27.json
[2025-01-25T19:59:39.966Z] INFO: User profile data saved from file: 2024-10-10-18-05-27.json
[2025-01-25T19:59:39.967Z] INFO: Processing JSON file: 2024-10-11-18-05-07.json
[2025-01-25T19:59:39.969Z] INFO: Saving activities from file: 2024-10-11-18-05-07.json
[2025-01-25T19:59:40.122Z] INFO: Activities saved from file: 2024-10-11-18-05-07.json
[2025-01-25T19:59:40.122Z] WARN: No heart rate data found in file: 2024-10-11-18-05-07.json
[2025-01-25T19:59:40.122Z] INFO: Saving session data from file: 2024-10-11-18-05-07.json
[2025-01-25T19:59:40.124Z] INFO: Session data saved from file: 2024-10-11-18-05-07.json
[2025-01-25T19:59:40.124Z] INFO: Saving user profile data from file: 2024-10-11-18-05-07.json
[2025-01-25T19:59:40.125Z] INFO: User profile data saved from file: 2024-10-11-18-05-07.json
[2025-01-25T19:59:40.125Z] INFO: Processing JSON file: 2024-10-13-17-54-54.json
[2025-01-25T19:59:40.127Z] INFO: Saving activities from file: 2024-10-13-17-54-54.json
[2025-01-25T19:59:40.172Z] INFO: Activities saved from file: 2024-10-13-17-54-54.json
[2025-01-25T19:59:40.172Z] WARN: No heart rate data found in file: 2024-10-13-17-54-54.json
[2025-01-25T19:59:40.172Z] INFO: Saving session data from file: 2024-10-13-17-54-54.json
[2025-01-25T19:59:40.174Z] INFO: Session data saved from file: 2024-10-13-17-54-54.json
[2025-01-25T19:59:40.174Z] INFO: Saving user profile data from file: 2024-10-13-17-54-54.json
[2025-01-25T19:59:40.174Z] INFO: User profile data saved from file: 2024-10-13-17-54-54.json
[2025-01-25T19:59:40.174Z] INFO: Processing JSON file: 2024-10-14-17-02-05.json
[2025-01-25T19:59:40.178Z] INFO: Saving activities from file: 2024-10-14-17-02-05.json
[2025-01-25T19:59:40.208Z] INFO: Activities saved from file: 2024-10-14-17-02-05.json
[2025-01-25T19:59:40.209Z] WARN: No heart rate data found in file: 2024-10-14-17-02-05.json
[2025-01-25T19:59:40.209Z] INFO: Saving session data from file: 2024-10-14-17-02-05.json
[2025-01-25T19:59:40.210Z] INFO: Session data saved from file: 2024-10-14-17-02-05.json
[2025-01-25T19:59:40.210Z] INFO: Saving user profile data from file: 2024-10-14-17-02-05.json
[2025-01-25T19:59:40.210Z] INFO: User profile data saved from file: 2024-10-14-17-02-05.json
[2025-01-25T19:59:40.210Z] INFO: Processing JSON file: 2024-10-16-18-19-09.json
[2025-01-25T19:59:40.213Z] INFO: Saving activities from file: 2024-10-16-18-19-09.json
[2025-01-25T19:59:40.317Z] INFO: Activities saved from file: 2024-10-16-18-19-09.json
[2025-01-25T19:59:40.317Z] WARN: No heart rate data found in file: 2024-10-16-18-19-09.json
[2025-01-25T19:59:40.317Z] INFO: Saving session data from file: 2024-10-16-18-19-09.json
[2025-01-25T19:59:40.318Z] INFO: Session data saved from file: 2024-10-16-18-19-09.json
[2025-01-25T19:59:40.318Z] INFO: Saving user profile data from file: 2024-10-16-18-19-09.json
[2025-01-25T19:59:40.318Z] INFO: User profile data saved from file: 2024-10-16-18-19-09.json
[2025-01-25T19:59:40.318Z] INFO: Processing JSON file: 2024-10-18-16-34-17.json
[2025-01-25T19:59:40.322Z] INFO: Saving activities from file: 2024-10-18-16-34-17.json
[2025-01-25T19:59:40.349Z] INFO: Activities saved from file: 2024-10-18-16-34-17.json
[2025-01-25T19:59:40.349Z] WARN: No heart rate data found in file: 2024-10-18-16-34-17.json
[2025-01-25T19:59:40.349Z] INFO: Saving session data from file: 2024-10-18-16-34-17.json
[2025-01-25T19:59:40.350Z] INFO: Session data saved from file: 2024-10-18-16-34-17.json
[2025-01-25T19:59:40.350Z] INFO: Saving user profile data from file: 2024-10-18-16-34-17.json
[2025-01-25T19:59:40.351Z] INFO: User profile data saved from file: 2024-10-18-16-34-17.json
[2025-01-25T19:59:40.351Z] INFO: Processing JSON file: 2024-10-21-17-57-14.json
[2025-01-25T19:59:40.354Z] INFO: Saving activities from file: 2024-10-21-17-57-14.json
[2025-01-25T19:59:40.584Z] INFO: Activities saved from file: 2024-10-21-17-57-14.json
[2025-01-25T19:59:40.584Z] WARN: No heart rate data found in file: 2024-10-21-17-57-14.json
[2025-01-25T19:59:40.584Z] INFO: Saving session data from file: 2024-10-21-17-57-14.json
[2025-01-25T19:59:40.586Z] INFO: Session data saved from file: 2024-10-21-17-57-14.json
[2025-01-25T19:59:40.586Z] INFO: Saving user profile data from file: 2024-10-21-17-57-14.json
[2025-01-25T19:59:40.586Z] INFO: User profile data saved from file: 2024-10-21-17-57-14.json
[2025-01-25T19:59:40.586Z] INFO: Processing JSON file: 2024-10-22-17-43-24.json
[2025-01-25T19:59:40.590Z] INFO: Saving activities from file: 2024-10-22-17-43-24.json
[2025-01-25T19:59:40.630Z] INFO: Activities saved from file: 2024-10-22-17-43-24.json
[2025-01-25T19:59:40.630Z] WARN: No heart rate data found in file: 2024-10-22-17-43-24.json
[2025-01-25T19:59:40.630Z] INFO: Saving session data from file: 2024-10-22-17-43-24.json
[2025-01-25T19:59:40.631Z] INFO: Session data saved from file: 2024-10-22-17-43-24.json
[2025-01-25T19:59:40.631Z] INFO: Saving user profile data from file: 2024-10-22-17-43-24.json
[2025-01-25T19:59:40.632Z] INFO: User profile data saved from file: 2024-10-22-17-43-24.json
[2025-01-25T19:59:40.632Z] INFO: Processing JSON file: 2024-10-23-17-20-00.json
[2025-01-25T19:59:40.637Z] INFO: Saving activities from file: 2024-10-23-17-20-00.json
[2025-01-25T19:59:40.670Z] INFO: Activities saved from file: 2024-10-23-17-20-00.json
[2025-01-25T19:59:40.670Z] WARN: No heart rate data found in file: 2024-10-23-17-20-00.json
[2025-01-25T19:59:40.670Z] INFO: Saving session data from file: 2024-10-23-17-20-00.json
[2025-01-25T19:59:40.671Z] INFO: Session data saved from file: 2024-10-23-17-20-00.json
[2025-01-25T19:59:40.671Z] INFO: Saving user profile data from file: 2024-10-23-17-20-00.json
[2025-01-25T19:59:40.671Z] INFO: User profile data saved from file: 2024-10-23-17-20-00.json
[2025-01-25T19:59:40.671Z] INFO: Processing JSON file: 2024-10-24-18-00-00.json
[2025-01-25T19:59:40.672Z] INFO: Saving activities from file: 2024-10-24-18-00-00.json
[2025-01-25T19:59:40.701Z] INFO: Activities saved from file: 2024-10-24-18-00-00.json
[2025-01-25T19:59:40.701Z] WARN: No heart rate data found in file: 2024-10-24-18-00-00.json
[2025-01-25T19:59:40.701Z] INFO: Saving session data from file: 2024-10-24-18-00-00.json
[2025-01-25T19:59:40.702Z] INFO: Session data saved from file: 2024-10-24-18-00-00.json
[2025-01-25T19:59:40.702Z] INFO: Saving user profile data from file: 2024-10-24-18-00-00.json
[2025-01-25T19:59:40.702Z] INFO: User profile data saved from file: 2024-10-24-18-00-00.json
[2025-01-25T19:59:40.703Z] INFO: Processing JSON file: 2024-10-25-18-01-16.json
[2025-01-25T19:59:40.704Z] INFO: Saving activities from file: 2024-10-25-18-01-16.json
[2025-01-25T19:59:40.799Z] INFO: Activities saved from file: 2024-10-25-18-01-16.json
[2025-01-25T19:59:40.799Z] WARN: No heart rate data found in file: 2024-10-25-18-01-16.json
[2025-01-25T19:59:40.799Z] INFO: Saving session data from file: 2024-10-25-18-01-16.json
[2025-01-25T19:59:40.800Z] INFO: Session data saved from file: 2024-10-25-18-01-16.json
[2025-01-25T19:59:40.800Z] INFO: Saving user profile data from file: 2024-10-25-18-01-16.json
[2025-01-25T19:59:40.801Z] INFO: User profile data saved from file: 2024-10-25-18-01-16.json
[2025-01-25T19:59:40.801Z] INFO: Processing JSON file: 2024-10-26-16-16-57.json
[2025-01-25T19:59:40.804Z] INFO: Saving activities from file: 2024-10-26-16-16-57.json
[2025-01-25T19:59:40.837Z] INFO: Activities saved from file: 2024-10-26-16-16-57.json
[2025-01-25T19:59:40.837Z] WARN: No heart rate data found in file: 2024-10-26-16-16-57.json
[2025-01-25T19:59:40.837Z] INFO: Saving session data from file: 2024-10-26-16-16-57.json
[2025-01-25T19:59:40.839Z] INFO: Session data saved from file: 2024-10-26-16-16-57.json
[2025-01-25T19:59:40.839Z] INFO: Saving user profile data from file: 2024-10-26-16-16-57.json
[2025-01-25T19:59:40.840Z] INFO: User profile data saved from file: 2024-10-26-16-16-57.json
[2025-01-25T19:59:40.840Z] INFO: Processing JSON file: 2024-10-28-17-11-02.json
[2025-01-25T19:59:40.845Z] INFO: Saving activities from file: 2024-10-28-17-11-02.json
[2025-01-25T19:59:40.882Z] INFO: Activities saved from file: 2024-10-28-17-11-02.json
[2025-01-25T19:59:40.883Z] WARN: No heart rate data found in file: 2024-10-28-17-11-02.json
[2025-01-25T19:59:40.883Z] INFO: Saving session data from file: 2024-10-28-17-11-02.json
[2025-01-25T19:59:40.887Z] INFO: Session data saved from file: 2024-10-28-17-11-02.json
[2025-01-25T19:59:40.887Z] INFO: Saving user profile data from file: 2024-10-28-17-11-02.json
[2025-01-25T19:59:40.887Z] INFO: User profile data saved from file: 2024-10-28-17-11-02.json
[2025-01-25T19:59:40.887Z] INFO: Processing JSON file: 2024-10-30-17-48-57.json
[2025-01-25T19:59:40.890Z] INFO: Saving activities from file: 2024-10-30-17-48-57.json
[2025-01-25T19:59:41.008Z] INFO: Activities saved from file: 2024-10-30-17-48-57.json
[2025-01-25T19:59:41.008Z] WARN: No heart rate data found in file: 2024-10-30-17-48-57.json
[2025-01-25T19:59:41.009Z] INFO: Saving session data from file: 2024-10-30-17-48-57.json
[2025-01-25T19:59:41.010Z] INFO: Session data saved from file: 2024-10-30-17-48-57.json
[2025-01-25T19:59:41.010Z] INFO: Saving user profile data from file: 2024-10-30-17-48-57.json
[2025-01-25T19:59:41.010Z] INFO: User profile data saved from file: 2024-10-30-17-48-57.json
[2025-01-25T19:59:41.010Z] INFO: Processing JSON file: 2024-11-01-17-26-37.json
[2025-01-25T19:59:41.014Z] INFO: Saving activities from file: 2024-11-01-17-26-37.json
[2025-01-25T19:59:41.039Z] INFO: Activities saved from file: 2024-11-01-17-26-37.json
[2025-01-25T19:59:41.039Z] WARN: No heart rate data found in file: 2024-11-01-17-26-37.json
[2025-01-25T19:59:41.039Z] INFO: Saving session data from file: 2024-11-01-17-26-37.json
[2025-01-25T19:59:41.041Z] INFO: Session data saved from file: 2024-11-01-17-26-37.json
[2025-01-25T19:59:41.041Z] INFO: Saving user profile data from file: 2024-11-01-17-26-37.json
[2025-01-25T19:59:41.042Z] INFO: User profile data saved from file: 2024-11-01-17-26-37.json
[2025-01-25T19:59:41.042Z] INFO: Processing JSON file: 2024-11-03-16-10-26.json
[2025-01-25T19:59:41.046Z] INFO: Saving activities from file: 2024-11-03-16-10-26.json
[2025-01-25T19:59:41.082Z] INFO: Activities saved from file: 2024-11-03-16-10-26.json
[2025-01-25T19:59:41.083Z] WARN: No heart rate data found in file: 2024-11-03-16-10-26.json
[2025-01-25T19:59:41.083Z] INFO: Saving session data from file: 2024-11-03-16-10-26.json
[2025-01-25T19:59:41.086Z] INFO: Session data saved from file: 2024-11-03-16-10-26.json
[2025-01-25T19:59:41.086Z] INFO: Saving user profile data from file: 2024-11-03-16-10-26.json
[2025-01-25T19:59:41.086Z] INFO: User profile data saved from file: 2024-11-03-16-10-26.json
[2025-01-25T19:59:41.086Z] INFO: Processing JSON file: 2024-11-05-16-45-14.json
[2025-01-25T19:59:41.088Z] INFO: Saving activities from file: 2024-11-05-16-45-14.json
[2025-01-25T19:59:41.190Z] INFO: Activities saved from file: 2024-11-05-16-45-14.json
[2025-01-25T19:59:41.190Z] WARN: No heart rate data found in file: 2024-11-05-16-45-14.json
[2025-01-25T19:59:41.190Z] INFO: Saving session data from file: 2024-11-05-16-45-14.json
[2025-01-25T19:59:41.192Z] INFO: Session data saved from file: 2024-11-05-16-45-14.json
[2025-01-25T19:59:41.192Z] INFO: Saving user profile data from file: 2024-11-05-16-45-14.json
[2025-01-25T19:59:41.192Z] INFO: User profile data saved from file: 2024-11-05-16-45-14.json
[2025-01-25T19:59:41.192Z] INFO: Processing JSON file: 2024-11-06-16-03-56.json
[2025-01-25T19:59:41.197Z] INFO: Saving activities from file: 2024-11-06-16-03-56.json
[2025-01-25T19:59:41.240Z] INFO: Activities saved from file: 2024-11-06-16-03-56.json
[2025-01-25T19:59:41.241Z] WARN: No heart rate data found in file: 2024-11-06-16-03-56.json
[2025-01-25T19:59:41.241Z] INFO: Saving session data from file: 2024-11-06-16-03-56.json
[2025-01-25T19:59:41.244Z] INFO: Session data saved from file: 2024-11-06-16-03-56.json
[2025-01-25T19:59:41.244Z] INFO: Saving user profile data from file: 2024-11-06-16-03-56.json
[2025-01-25T19:59:41.245Z] INFO: User profile data saved from file: 2024-11-06-16-03-56.json
[2025-01-25T19:59:41.245Z] INFO: Processing JSON file: 2024-11-08-17-40-25.json
[2025-01-25T19:59:41.249Z] INFO: Saving activities from file: 2024-11-08-17-40-25.json
[2025-01-25T19:59:41.368Z] INFO: Activities saved from file: 2024-11-08-17-40-25.json
[2025-01-25T19:59:41.368Z] WARN: No heart rate data found in file: 2024-11-08-17-40-25.json
[2025-01-25T19:59:41.368Z] INFO: Saving session data from file: 2024-11-08-17-40-25.json
[2025-01-25T19:59:41.369Z] INFO: Session data saved from file: 2024-11-08-17-40-25.json
[2025-01-25T19:59:41.369Z] INFO: Saving user profile data from file: 2024-11-08-17-40-25.json
[2025-01-25T19:59:41.369Z] INFO: User profile data saved from file: 2024-11-08-17-40-25.json
[2025-01-25T19:59:41.369Z] INFO: Processing JSON file: 2024-11-09-16-06-13.json
[2025-01-25T19:59:41.372Z] INFO: Saving activities from file: 2024-11-09-16-06-13.json
[2025-01-25T19:59:41.405Z] INFO: Activities saved from file: 2024-11-09-16-06-13.json
[2025-01-25T19:59:41.405Z] WARN: No heart rate data found in file: 2024-11-09-16-06-13.json
[2025-01-25T19:59:41.405Z] INFO: Saving session data from file: 2024-11-09-16-06-13.json
[2025-01-25T19:59:41.407Z] INFO: Session data saved from file: 2024-11-09-16-06-13.json
[2025-01-25T19:59:41.407Z] INFO: Saving user profile data from file: 2024-11-09-16-06-13.json
[2025-01-25T19:59:41.408Z] INFO: User profile data saved from file: 2024-11-09-16-06-13.json
[2025-01-25T19:59:41.408Z] INFO: Processing JSON file: 2024-11-12-16-51-16.json
[2025-01-25T19:59:41.411Z] INFO: Saving activities from file: 2024-11-12-16-51-16.json
[2025-01-25T19:59:41.594Z] INFO: Activities saved from file: 2024-11-12-16-51-16.json
[2025-01-25T19:59:41.594Z] WARN: No heart rate data found in file: 2024-11-12-16-51-16.json
[2025-01-25T19:59:41.594Z] INFO: Saving session data from file: 2024-11-12-16-51-16.json
[2025-01-25T19:59:41.595Z] INFO: Session data saved from file: 2024-11-12-16-51-16.json
[2025-01-25T19:59:41.595Z] INFO: Saving user profile data from file: 2024-11-12-16-51-16.json
[2025-01-25T19:59:41.595Z] INFO: User profile data saved from file: 2024-11-12-16-51-16.json
[2025-01-25T19:59:41.595Z] INFO: Processing JSON file: 2024-11-13-16-10-01.json
[2025-01-25T19:59:41.603Z] INFO: Saving activities from file: 2024-11-13-16-10-01.json
[2025-01-25T19:59:41.646Z] INFO: Activities saved from file: 2024-11-13-16-10-01.json
[2025-01-25T19:59:41.646Z] WARN: No heart rate data found in file: 2024-11-13-16-10-01.json
[2025-01-25T19:59:41.646Z] INFO: Saving session data from file: 2024-11-13-16-10-01.json
[2025-01-25T19:59:41.650Z] INFO: Session data saved from file: 2024-11-13-16-10-01.json
[2025-01-25T19:59:41.650Z] INFO: Saving user profile data from file: 2024-11-13-16-10-01.json
[2025-01-25T19:59:41.651Z] INFO: User profile data saved from file: 2024-11-13-16-10-01.json
[2025-01-25T19:59:41.651Z] INFO: Processing JSON file: 2024-11-15-17-11-05.json
[2025-01-25T19:59:41.656Z] INFO: Saving activities from file: 2024-11-15-17-11-05.json
[2025-01-25T19:59:41.774Z] INFO: Activities saved from file: 2024-11-15-17-11-05.json
[2025-01-25T19:59:41.774Z] WARN: No heart rate data found in file: 2024-11-15-17-11-05.json
[2025-01-25T19:59:41.774Z] INFO: Saving session data from file: 2024-11-15-17-11-05.json
[2025-01-25T19:59:41.775Z] INFO: Session data saved from file: 2024-11-15-17-11-05.json
[2025-01-25T19:59:41.775Z] INFO: Saving user profile data from file: 2024-11-15-17-11-05.json
[2025-01-25T19:59:41.775Z] INFO: User profile data saved from file: 2024-11-15-17-11-05.json
[2025-01-25T19:59:41.775Z] INFO: Processing JSON file: 2024-11-18-16-19-21.json
[2025-01-25T19:59:41.781Z] INFO: Saving activities from file: 2024-11-18-16-19-21.json
[2025-01-25T19:59:41.827Z] INFO: Activities saved from file: 2024-11-18-16-19-21.json
[2025-01-25T19:59:41.827Z] WARN: No heart rate data found in file: 2024-11-18-16-19-21.json
[2025-01-25T19:59:41.827Z] INFO: Saving session data from file: 2024-11-18-16-19-21.json
[2025-01-25T19:59:41.829Z] INFO: Session data saved from file: 2024-11-18-16-19-21.json
[2025-01-25T19:59:41.829Z] INFO: Saving user profile data from file: 2024-11-18-16-19-21.json
[2025-01-25T19:59:41.829Z] INFO: User profile data saved from file: 2024-11-18-16-19-21.json
[2025-01-25T19:59:41.829Z] INFO: Processing JSON file: 2024-11-21-16-20-42.json
[2025-01-25T19:59:41.834Z] INFO: Saving activities from file: 2024-11-21-16-20-42.json
[2025-01-25T19:59:41.869Z] INFO: Activities saved from file: 2024-11-21-16-20-42.json
[2025-01-25T19:59:41.869Z] WARN: No heart rate data found in file: 2024-11-21-16-20-42.json
[2025-01-25T19:59:41.869Z] INFO: Saving session data from file: 2024-11-21-16-20-42.json
[2025-01-25T19:59:41.871Z] INFO: Session data saved from file: 2024-11-21-16-20-42.json
[2025-01-25T19:59:41.871Z] INFO: Saving user profile data from file: 2024-11-21-16-20-42.json
[2025-01-25T19:59:41.871Z] INFO: User profile data saved from file: 2024-11-21-16-20-42.json
[2025-01-25T19:59:41.871Z] INFO: Processing JSON file: 2024-11-22-17-26-32.json
[2025-01-25T19:59:41.873Z] INFO: Saving activities from file: 2024-11-22-17-26-32.json
[2025-01-25T19:59:41.971Z] INFO: Activities saved from file: 2024-11-22-17-26-32.json
[2025-01-25T19:59:41.971Z] WARN: No heart rate data found in file: 2024-11-22-17-26-32.json
[2025-01-25T19:59:41.971Z] INFO: Saving session data from file: 2024-11-22-17-26-32.json
[2025-01-25T19:59:41.972Z] INFO: Session data saved from file: 2024-11-22-17-26-32.json
[2025-01-25T19:59:41.972Z] INFO: Saving user profile data from file: 2024-11-22-17-26-32.json
[2025-01-25T19:59:41.972Z] INFO: User profile data saved from file: 2024-11-22-17-26-32.json
[2025-01-25T19:59:41.972Z] INFO: Processing JSON file: 2024-11-24-15-59-41.json
[2025-01-25T19:59:41.976Z] INFO: Saving activities from file: 2024-11-24-15-59-41.json
[2025-01-25T19:59:42.016Z] INFO: Activities saved from file: 2024-11-24-15-59-41.json
[2025-01-25T19:59:42.016Z] WARN: No heart rate data found in file: 2024-11-24-15-59-41.json
[2025-01-25T19:59:42.016Z] INFO: Saving session data from file: 2024-11-24-15-59-41.json
[2025-01-25T19:59:42.018Z] INFO: Session data saved from file: 2024-11-24-15-59-41.json
[2025-01-25T19:59:42.019Z] INFO: Saving user profile data from file: 2024-11-24-15-59-41.json
[2025-01-25T19:59:42.019Z] INFO: User profile data saved from file: 2024-11-24-15-59-41.json
[2025-01-25T19:59:42.019Z] INFO: Processing JSON file: 2024-11-26-16-57-07.json
[2025-01-25T19:59:42.022Z] INFO: Saving activities from file: 2024-11-26-16-57-07.json
[2025-01-25T19:59:42.113Z] INFO: Activities saved from file: 2024-11-26-16-57-07.json
[2025-01-25T19:59:42.113Z] WARN: No heart rate data found in file: 2024-11-26-16-57-07.json
[2025-01-25T19:59:42.113Z] INFO: Saving session data from file: 2024-11-26-16-57-07.json
[2025-01-25T19:59:42.115Z] INFO: Session data saved from file: 2024-11-26-16-57-07.json
[2025-01-25T19:59:42.115Z] INFO: Saving user profile data from file: 2024-11-26-16-57-07.json
[2025-01-25T19:59:42.115Z] INFO: User profile data saved from file: 2024-11-26-16-57-07.json
[2025-01-25T19:59:42.115Z] INFO: Processing JSON file: 2024-11-27-16-08-23.json
[2025-01-25T19:59:42.119Z] INFO: Saving activities from file: 2024-11-27-16-08-23.json
[2025-01-25T19:59:42.142Z] INFO: Activities saved from file: 2024-11-27-16-08-23.json
[2025-01-25T19:59:42.142Z] WARN: No heart rate data found in file: 2024-11-27-16-08-23.json
[2025-01-25T19:59:42.142Z] INFO: Saving session data from file: 2024-11-27-16-08-23.json
[2025-01-25T19:59:42.143Z] INFO: Session data saved from file: 2024-11-27-16-08-23.json
[2025-01-25T19:59:42.143Z] INFO: Saving user profile data from file: 2024-11-27-16-08-23.json
[2025-01-25T19:59:42.143Z] INFO: User profile data saved from file: 2024-11-27-16-08-23.json
[2025-01-25T19:59:42.143Z] INFO: Processing JSON file: 2024-12-12-16-23-54.json
[2025-01-25T19:59:42.147Z] INFO: Saving activities from file: 2024-12-12-16-23-54.json
[2025-01-25T19:59:42.192Z] INFO: Activities saved from file: 2024-12-12-16-23-54.json
[2025-01-25T19:59:42.192Z] WARN: No heart rate data found in file: 2024-12-12-16-23-54.json
[2025-01-25T19:59:42.192Z] INFO: Saving session data from file: 2024-12-12-16-23-54.json
[2025-01-25T19:59:42.194Z] INFO: Session data saved from file: 2024-12-12-16-23-54.json
[2025-01-25T19:59:42.194Z] INFO: Saving user profile data from file: 2024-12-12-16-23-54.json
[2025-01-25T19:59:42.194Z] INFO: User profile data saved from file: 2024-12-12-16-23-54.json
[2025-01-25T19:59:42.194Z] INFO: Processing JSON file: 2024-12-16-16-19-39.json
[2025-01-25T19:59:42.200Z] INFO: Saving activities from file: 2024-12-16-16-19-39.json
[2025-01-25T19:59:42.227Z] INFO: Activities saved from file: 2024-12-16-16-19-39.json
[2025-01-25T19:59:42.227Z] WARN: No heart rate data found in file: 2024-12-16-16-19-39.json
[2025-01-25T19:59:42.227Z] INFO: Saving session data from file: 2024-12-16-16-19-39.json
[2025-01-25T19:59:42.229Z] INFO: Session data saved from file: 2024-12-16-16-19-39.json
[2025-01-25T19:59:42.229Z] INFO: Saving user profile data from file: 2024-12-16-16-19-39.json
[2025-01-25T19:59:42.229Z] INFO: User profile data saved from file: 2024-12-16-16-19-39.json
[2025-01-25T19:59:42.229Z] INFO: Processing JSON file: 2024-12-18-16-27-46.json
[2025-01-25T19:59:42.238Z] INFO: Saving activities from file: 2024-12-18-16-27-46.json
[2025-01-25T19:59:42.280Z] INFO: Activities saved from file: 2024-12-18-16-27-46.json
[2025-01-25T19:59:42.281Z] WARN: No heart rate data found in file: 2024-12-18-16-27-46.json
[2025-01-25T19:59:42.281Z] INFO: Saving session data from file: 2024-12-18-16-27-46.json
[2025-01-25T19:59:42.283Z] INFO: Session data saved from file: 2024-12-18-16-27-46.json
[2025-01-25T19:59:42.283Z] INFO: Saving user profile data from file: 2024-12-18-16-27-46.json
[2025-01-25T19:59:42.284Z] INFO: User profile data saved from file: 2024-12-18-16-27-46.json
[2025-01-25T19:59:42.284Z] INFO: Processing JSON file: 2024-12-22-15-43-26.json
[2025-01-25T19:59:42.288Z] INFO: Saving activities from file: 2024-12-22-15-43-26.json
[2025-01-25T19:59:42.310Z] INFO: Activities saved from file: 2024-12-22-15-43-26.json
[2025-01-25T19:59:42.310Z] WARN: No heart rate data found in file: 2024-12-22-15-43-26.json
[2025-01-25T19:59:42.310Z] INFO: Saving session data from file: 2024-12-22-15-43-26.json
[2025-01-25T19:59:42.311Z] INFO: Session data saved from file: 2024-12-22-15-43-26.json
[2025-01-25T19:59:42.311Z] INFO: Saving user profile data from file: 2024-12-22-15-43-26.json
[2025-01-25T19:59:42.312Z] INFO: User profile data saved from file: 2024-12-22-15-43-26.json
[2025-01-25T19:59:42.312Z] INFO: Processing JSON file: 2024-12-28-15-56-42.json
[2025-01-25T19:59:42.315Z] INFO: Saving activities from file: 2024-12-28-15-56-42.json
[2025-01-25T19:59:42.340Z] INFO: Activities saved from file: 2024-12-28-15-56-42.json
[2025-01-25T19:59:42.340Z] WARN: No heart rate data found in file: 2024-12-28-15-56-42.json
[2025-01-25T19:59:42.340Z] INFO: Saving session data from file: 2024-12-28-15-56-42.json
[2025-01-25T19:59:42.342Z] INFO: Session data saved from file: 2024-12-28-15-56-42.json
[2025-01-25T19:59:42.342Z] INFO: Saving user profile data from file: 2024-12-28-15-56-42.json
[2025-01-25T19:59:42.342Z] INFO: User profile data saved from file: 2024-12-28-15-56-42.json
[2025-01-25T19:59:42.342Z] INFO: Processing JSON file: 2025-01-20-16-31-01.json
[2025-01-25T19:59:42.343Z] INFO: Saving activities from file: 2025-01-20-16-31-01.json
[2025-01-25T19:59:42.402Z] INFO: Activities saved from file: 2025-01-20-16-31-01.json
[2025-01-25T19:59:42.402Z] WARN: No heart rate data found in file: 2025-01-20-16-31-01.json
[2025-01-25T19:59:42.402Z] INFO: Saving session data from file: 2025-01-20-16-31-01.json
[2025-01-25T19:59:42.403Z] INFO: Session data saved from file: 2025-01-20-16-31-01.json
[2025-01-25T19:59:42.403Z] INFO: Saving user profile data from file: 2025-01-20-16-31-01.json
[2025-01-25T19:59:42.403Z] INFO: User profile data saved from file: 2025-01-20-16-31-01.json
[2025-01-25T19:59:42.403Z] INFO: Processing JSON file: 2025-01-21-16-21-20.json
[2025-01-25T19:59:42.405Z] INFO: Saving activities from file: 2025-01-21-16-21-20.json
[2025-01-25T19:59:42.421Z] INFO: Activities saved from file: 2025-01-21-16-21-20.json
[2025-01-25T19:59:42.421Z] WARN: No heart rate data found in file: 2025-01-21-16-21-20.json
[2025-01-25T19:59:42.421Z] INFO: Saving session data from file: 2025-01-21-16-21-20.json
[2025-01-25T19:59:42.424Z] INFO: Session data saved from file: 2025-01-21-16-21-20.json
[2025-01-25T19:59:42.424Z] INFO: Saving user profile data from file: 2025-01-21-16-21-20.json
[2025-01-25T19:59:42.424Z] INFO: User profile data saved from file: 2025-01-21-16-21-20.json
[2025-01-25T19:59:42.424Z] INFO: Processing JSON file: 2025-01-24-17-19-13.json
[2025-01-25T19:59:42.428Z] INFO: Saving activities from file: 2025-01-24-17-19-13.json
[2025-01-25T19:59:42.634Z] INFO: Activities saved from file: 2025-01-24-17-19-13.json
[2025-01-25T19:59:42.634Z] WARN: No heart rate data found in file: 2025-01-24-17-19-13.json
[2025-01-25T19:59:42.634Z] INFO: Saving session data from file: 2025-01-24-17-19-13.json
[2025-01-25T19:59:42.635Z] INFO: Session data saved from file: 2025-01-24-17-19-13.json
[2025-01-25T19:59:42.636Z] INFO: Saving user profile data from file: 2025-01-24-17-19-13.json
[2025-01-25T19:59:42.636Z] INFO: User profile data saved from file: 2025-01-24-17-19-13.json
[2025-01-25T19:59:42.636Z] INFO: All JSON files have been processed and data saved to MongoDB.
